2026-03-04 19:47:26 [INFO] === Lightroom Watcher gestartet ===
2026-03-04 19:47:28 [DEBUG] Catalog: Check: Lokal=03.04.2026 19:05:20 | NAS=03.03.2026 22:30:28
2026-03-04 19:47:28 [DEBUG] Catalog: PC New -> Upload
2026-03-04 19:47:28 [DEBUG] Catalog: Sync Start
2026-03-04 19:47:28 [INFO] Catalog: upload Start
2026-03-04 19:47:28 [INFO] Catalog: Schreibschutz aktiviert für Lightroom-Katalog-v15.lrcat
2026-03-04 19:47:44 [INFO] Catalog: upload complete
2026-03-04 19:47:44 [DEBUG] rclone: 2026/03/04 19:47:28 INFO  : Lightroom-Katalog-v15 Sync.lrdata/desktop.ini: Copied (replaced existing)
2026-03-04 19:47:44 [DEBUG] rclone: 2026/03/04 19:47:29 INFO  : Lightroom-Katalog-v15.lrcat-data/004173.log: Copied (new)
2026-03-04 19:47:44 [DEBUG] rclone: 2026/03/04 19:47:28 INFO  : Lightroom-Katalog-v15.lrcat-data/LOG.old.1772574231619287: Copied (new)
2026-03-04 19:47:44 [DEBUG] rclone: 2026/03/04 19:47:29 INFO  : Lightroom-Katalog-v15.lrcat-data/LOG.old.1772574542561722: Copied (new)
2026-03-04 19:47:44 [DEBUG] rclone: 2026/03/04 19:47:29 INFO  : Lightroom-Katalog-v15.lrcat-data/LOG.old.1772574292166900: Copied (new)
2026-03-04 19:47:44 [DEBUG] rclone: 2026/03/04 19:47:29 INFO  : Lightroom-Katalog-v15.lrcat-data/LOG.old.1772647505569432: Copied (new)
2026-03-04 19:47:44 [DEBUG] rclone: 2026/03/04 19:47:29 INFO  : Lightroom-Katalog-v15.lrcat-data/OPTIONS-004176: Copied (new)
2026-03-04 19:47:44 [DEBUG] rclone: 2026/03/04 19:47:29 INFO  : Lightroom-Katalog-v15.lrcat-data/MANIFEST-004174: Copied (new)
2026-03-04 19:47:44 [DEBUG] rclone: 2026/03/04 19:47:29 INFO  : Lightroom-Katalog-v15.lrcat-data/OPTIONS-004172: Copied (new)
2026-03-04 19:47:44 [DEBUG] rclone: 2026/03/04 19:47:29 INFO  : Lightroom-Katalog-v15.lrcat-data/LOCK: Copied (replaced existing)
2026-03-04 19:47:44 [DEBUG] rclone: 2026/03/04 19:47:29 INFO  : Lightroom-Katalog-v15.lrcat-data/CURRENT: Copied (replaced existing)
2026-03-04 19:47:44 [DEBUG] rclone: 2026/03/04 19:47:29 INFO  : Lightroom-Katalog-v15.lrcat-data/desktop.ini: Copied (replaced existing)
2026-03-04 19:47:44 [DEBUG] rclone: 2026/03/04 19:47:29 INFO  : Lightroom-Katalog-v15.lrcat-data/LOG: Copied (replaced existing)
2026-03-04 19:47:44 [DEBUG] rclone: 2026/03/04 19:47:29 INFO  : Lightroom-Katalog-v15 Sync.lrdata/0599d3e4191040789de5b1bb43bef3c0/Managed Catalog.mcat-shm: Copied (replaced existing)
2026-03-04 19:47:44 [DEBUG] rclone: 2026/03/04 19:47:29 INFO  : Lightroom-Katalog-v15 Sync.lrdata/0599d3e4191040789de5b1bb43bef3c0/Managed Catalog.wfindex-shm: Copied (replaced existing)
2026-03-04 19:47:44 [DEBUG] rclone: 2026/03/04 19:47:29 INFO  : Lightroom-Katalog-v15 Previews.lrdata/desktop.ini: Copied (replaced existing)
2026-03-04 19:47:44 [DEBUG] rclone: 2026/03/04 19:47:29 INFO  : Lightroom-Katalog-v15 Previews.lrdata/previews.db: Copied (replaced existing)
2026-03-04 19:47:44 [DEBUG] rclone: 2026/03/04 19:47:29 INFO  : Lightroom-Katalog-v15 Sync.lrdata/0599d3e4191040789de5b1bb43bef3c0/Managed Catalog.wfindex-wal: Copied (replaced existing)
2026-03-04 19:47:44 [DEBUG] rclone: 2026/03/04 19:47:29 INFO  : Lightroom-Katalog-v15 Helper.lrdata/desktop.ini: Copied (replaced existing)
2026-03-04 19:47:44 [DEBUG] rclone: 2026/03/04 19:47:29 INFO  : Lightroom-Katalog-v15 Sync.lrdata/0599d3e4191040789de5b1bb43bef3c0/Managed Catalog.mcat-wal: Copied (replaced existing)
2026-03-04 19:47:44 [DEBUG] rclone: 2026/03/04 19:47:29 INFO  : Lightroom-Katalog-v15 Helper.lrdata/helper.db: Copied (replaced existing)
2026-03-04 19:47:44 [DEBUG] rclone: 2026/03/04 19:47:29 INFO  : Lightroom-Katalog-v15 Smart Previews.lrdata/desktop.ini: Copied (replaced existing)
2026-03-04 19:47:44 [DEBUG] rclone: 2026/03/04 19:47:29 INFO  : Lightroom-Katalog-v15 Helper.lrdata/metadatahelper.db: Copied (replaced existing)
2026-03-04 19:47:44 [DEBUG] rclone: 2026/03/04 19:47:44 INFO  : Lightroom-Katalog-v15.lrcat: Multi-thread Copied (replaced existing)
2026-03-04 19:47:44 [DEBUG] rclone: 2026/03/04 19:47:44 INFO  : Lightroom-Katalog-v15.lrcat-data/LOG.old.1772572813929549: Deleted
2026-03-04 19:47:44 [DEBUG] rclone: 2026/03/04 19:47:44 INFO  : Lightroom-Katalog-v15.lrcat-data/004157.log: Deleted
2026-03-04 19:47:44 [DEBUG] rclone: 2026/03/04 19:47:44 INFO  : Lightroom-Katalog-v15.lrcat-data/LOG.old.1772571547267130: Deleted
2026-03-04 19:47:44 [DEBUG] rclone: 2026/03/04 19:47:44 INFO  : Lightroom-Katalog-v15.lrcat-data/LOG.old.1772573412589790: Deleted
2026-03-04 19:47:44 [DEBUG] rclone: 2026/03/04 19:47:44 INFO  : Lightroom-Katalog-v15.lrcat-data/MANIFEST-004158: Deleted
2026-03-04 19:47:44 [DEBUG] rclone: 2026/03/04 19:47:44 INFO  : Lightroom-Katalog-v15.lrcat-data/LOG.old.1772571512633716: Deleted
2026-03-04 19:47:44 [DEBUG] rclone: 2026/03/04 19:47:44 INFO  : Lightroom-Katalog-v15.lrcat-data/OPTIONS-004160: Deleted
2026-03-04 19:47:44 [DEBUG] rclone: 2026/03/04 19:47:44 INFO  : Lightroom-Katalog-v15.lrcat-data/OPTIONS-004156: Deleted
2026-03-04 19:47:44 [DEBUG] rclone: Transferred:   	    4.300 GiB / 4.300 GiB, 100%, 293.535 MiB/s, ETA 0s
2026-03-04 19:47:44 [DEBUG] rclone: Deleted:                8 (files), 0 (dirs), 105.609 KiB (freed)
2026-03-04 19:47:44 [DEBUG] rclone: Transferred:           24 / 24, 100%
2026-03-04 19:47:44 [INFO] Catalog: Schreibschutz deaktiviert für Lightroom-Katalog-v15.lrcat
2026-03-04 19:47:46 [DEBUG] Catalog: Remote *.lrcat gefunden: Lightroom-Katalog-v15.lrcat
2026-03-04 19:47:46 [INFO] Catalog: Remote read-only Status überprüft
2026-03-04 19:47:46 [INFO] Catalog: Schreibschutz deaktiviert für Lightroom-Katalog-v15.lrcat
2026-03-04 19:47:46 [DEBUG] Catalog: Sync End
2026-03-04 19:47:46 [DEBUG] Backup: Checking
2026-03-04 19:47:46 [DEBUG] Backup: Pfad: E:\Lightroom_test/Backups <-> synology:Lightroom/Backups
2026-03-04 19:47:47 [DEBUG] Backup: Keine Änderungen gefunden
2026-03-04 19:47:47 [DEBUG] Backup: Check End
2026-03-04 19:47:47 [DEBUG] Sync loop End
2026-03-04 19:47:47 [DEBUG] ==============================================
2026-03-04 19:47:47 [DEBUG] Catalog: Check: Lokal=03.04.2026 19:05:20 | NAS=03.04.2026 19:05:20
2026-03-04 19:47:47 [DEBUG] Catalog: kein Unterschied
2026-03-04 19:47:47 [DEBUG] Backup: Checking
2026-03-04 19:47:47 [DEBUG] Backup: Pfad: E:\Lightroom_test/Backups <-> synology:Lightroom/Backups
2026-03-04 19:47:48 [DEBUG] Backup: Keine Änderungen gefunden
2026-03-04 19:47:48 [DEBUG] Backup: Check End
2026-03-04 19:47:48 [DEBUG] Sync loop End
2026-03-04 19:47:48 [DEBUG] ==============================================
2026-03-04 19:47:52 [DEBUG] Catalog: Check: Lokal=03.04.2026 19:05:20 | NAS=03.04.2026 19:05:20
2026-03-04 19:47:52 [DEBUG] Catalog: kein Unterschied
2026-03-04 19:47:52 [DEBUG] Backup: Checking
2026-03-04 19:47:52 [DEBUG] Backup: Pfad: E:\Lightroom_test/Backups <-> synology:Lightroom/Backups
2026-03-04 19:47:52 [DEBUG] Backup: Keine Änderungen gefunden
2026-03-04 19:47:52 [DEBUG] Backup: Check End
2026-03-04 19:47:52 [DEBUG] Sync loop End
2026-03-04 19:47:52 [DEBUG] ==============================================
2026-03-04 19:47:57 [DEBUG] Catalog: Check: Lokal=03.04.2026 19:05:20 | NAS=03.04.2026 19:05:20
2026-03-04 19:47:57 [DEBUG] Catalog: kein Unterschied
2026-03-04 19:47:57 [DEBUG] Backup: Checking
2026-03-04 19:47:57 [DEBUG] Backup: Pfad: E:\Lightroom_test/Backups <-> synology:Lightroom/Backups
2026-03-04 19:47:57 [DEBUG] Backup: Keine Änderungen gefunden
2026-03-04 19:47:57 [DEBUG] Backup: Check End
2026-03-04 19:47:57 [DEBUG] Sync loop End
2026-03-04 19:47:57 [DEBUG] ==============================================
2026-03-04 19:48:02 [DEBUG] Catalog: Check: Lokal=03.04.2026 19:05:20 | NAS=03.04.2026 19:05:20
2026-03-04 19:48:02 [DEBUG] Catalog: kein Unterschied
2026-03-04 19:48:02 [DEBUG] Backup: Checking
2026-03-04 19:48:02 [DEBUG] Backup: Pfad: E:\Lightroom_test/Backups <-> synology:Lightroom/Backups
2026-03-04 19:48:02 [DEBUG] Backup: Keine Änderungen gefunden
2026-03-04 19:48:02 [DEBUG] Backup: Check End
2026-03-04 19:48:02 [DEBUG] Sync loop End
2026-03-04 19:48:02 [DEBUG] ==============================================
2026-03-04 19:48:07 [DEBUG] Catalog: Check: Lokal=03.04.2026 19:05:20 | NAS=03.04.2026 19:05:20
2026-03-04 19:48:07 [DEBUG] Catalog: kein Unterschied
2026-03-04 19:48:07 [DEBUG] Backup: Checking
2026-03-04 19:48:07 [DEBUG] Backup: Pfad: E:\Lightroom_test/Backups <-> synology:Lightroom/Backups
2026-03-04 19:48:07 [DEBUG] Backup: Keine Änderungen gefunden
2026-03-04 19:48:07 [DEBUG] Backup: Check End
2026-03-04 19:48:07 [DEBUG] Sync loop End
2026-03-04 19:48:07 [DEBUG] ==============================================
2026-03-04 19:48:12 [DEBUG] Catalog: Check: Lokal=03.04.2026 19:05:20 | NAS=03.04.2026 19:05:20
2026-03-04 19:48:12 [DEBUG] Catalog: kein Unterschied
2026-03-04 19:48:12 [DEBUG] Backup: Checking
2026-03-04 19:48:12 [DEBUG] Backup: Pfad: E:\Lightroom_test/Backups <-> synology:Lightroom/Backups
2026-03-04 19:48:12 [DEBUG] Backup: Keine Änderungen gefunden
2026-03-04 19:48:12 [DEBUG] Backup: Check End
2026-03-04 19:48:12 [DEBUG] Sync loop End
2026-03-04 19:48:12 [DEBUG] ==============================================
2026-03-04 19:48:17 [DEBUG] Catalog: Check: Lokal=03.04.2026 19:05:20 | NAS=03.04.2026 19:05:20
2026-03-04 19:48:17 [DEBUG] Catalog: kein Unterschied
2026-03-04 19:48:17 [DEBUG] Backup: Checking
2026-03-04 19:48:17 [DEBUG] Backup: Pfad: E:\Lightroom_test/Backups <-> synology:Lightroom/Backups
2026-03-04 19:48:17 [DEBUG] Backup: Keine Änderungen gefunden
2026-03-04 19:48:17 [DEBUG] Backup: Check End
2026-03-04 19:48:17 [DEBUG] Sync loop End
2026-03-04 19:48:17 [DEBUG] ==============================================
2026-03-04 19:48:22 [DEBUG] Catalog: Check: Lokal=03.04.2026 19:05:20 | NAS=03.04.2026 19:05:20
2026-03-04 19:48:22 [DEBUG] Catalog: kein Unterschied
2026-03-04 19:48:22 [DEBUG] Backup: Checking
2026-03-04 19:48:22 [DEBUG] Backup: Pfad: E:\Lightroom_test/Backups <-> synology:Lightroom/Backups
2026-03-04 19:48:22 [DEBUG] Backup: Keine Änderungen gefunden
2026-03-04 19:48:22 [DEBUG] Backup: Check End
2026-03-04 19:48:22 [DEBUG] Sync loop End
2026-03-04 19:48:22 [DEBUG] ==============================================
2026-03-04 19:48:27 [DEBUG] Catalog: Check: Lokal=03.04.2026 19:05:20 | NAS=03.04.2026 19:05:20
2026-03-04 19:48:27 [DEBUG] Catalog: kein Unterschied
2026-03-04 19:48:27 [DEBUG] Backup: Checking
2026-03-04 19:48:27 [DEBUG] Backup: Pfad: E:\Lightroom_test/Backups <-> synology:Lightroom/Backups
2026-03-04 19:48:27 [DEBUG] Backup: Keine Änderungen gefunden
2026-03-04 19:48:27 [DEBUG] Backup: Check End
2026-03-04 19:48:27 [DEBUG] Sync loop End
2026-03-04 19:48:27 [DEBUG] ==============================================
2026-03-04 19:48:32 [DEBUG] Catalog: Check: Lokal=03.04.2026 19:05:20 | NAS=03.04.2026 19:05:20
2026-03-04 19:48:32 [DEBUG] Catalog: kein Unterschied
2026-03-04 19:48:32 [DEBUG] Backup: Checking
2026-03-04 19:48:32 [DEBUG] Backup: Pfad: E:\Lightroom_test/Backups <-> synology:Lightroom/Backups
2026-03-04 19:48:32 [DEBUG] Backup: Keine Änderungen gefunden
2026-03-04 19:48:32 [DEBUG] Backup: Check End
2026-03-04 19:48:32 [DEBUG] Sync loop End
2026-03-04 19:48:32 [DEBUG] ==============================================
2026-03-04 19:48:37 [DEBUG] Catalog: Check: Lokal=03.04.2026 19:05:20 | NAS=03.04.2026 19:05:20
2026-03-04 19:48:37 [DEBUG] Catalog: kein Unterschied
2026-03-04 19:48:37 [DEBUG] Backup: Checking
2026-03-04 19:48:37 [DEBUG] Backup: Pfad: E:\Lightroom_test/Backups <-> synology:Lightroom/Backups
2026-03-04 19:48:37 [DEBUG] Backup: Keine Änderungen gefunden
2026-03-04 19:48:37 [DEBUG] Backup: Check End
2026-03-04 19:48:37 [DEBUG] Sync loop End
2026-03-04 19:48:37 [DEBUG] ==============================================
2026-03-04 19:48:42 [DEBUG] Catalog: Check: Lokal=03.04.2026 19:05:20 | NAS=03.04.2026 19:05:20
2026-03-04 19:48:42 [DEBUG] Catalog: kein Unterschied
2026-03-04 19:48:42 [DEBUG] Backup: Checking
2026-03-04 19:48:42 [DEBUG] Backup: Pfad: E:\Lightroom_test/Backups <-> synology:Lightroom/Backups
2026-03-04 19:48:42 [DEBUG] Backup: Keine Änderungen gefunden
2026-03-04 19:48:42 [DEBUG] Backup: Check End
2026-03-04 19:48:42 [DEBUG] Sync loop End
2026-03-04 19:48:42 [DEBUG] ==============================================
2026-03-04 19:48:46 [INFO] Lock erkannt
2026-03-04 19:49:06 [INFO] Lock entfernt - Sync wird fortgesetzt
2026-03-04 19:49:07 [DEBUG] Catalog: Check: Lokal=03.04.2026 19:49:06 | NAS=03.04.2026 19:05:20
2026-03-04 19:49:07 [DEBUG] Catalog: PC New -> Upload
2026-03-04 19:49:07 [DEBUG] Catalog: Sync Start
2026-03-04 19:49:07 [INFO] Catalog: upload Start
2026-03-04 19:49:07 [INFO] Catalog: Schreibschutz aktiviert für Lightroom-Katalog-v15.lrcat
2026-03-04 19:49:39 [INFO] Catalog: upload complete
2026-03-04 19:49:39 [DEBUG] rclone: 2026/03/04 19:49:08 INFO  : Lightroom-Katalog-v15 Previews.lrdata/previews.db: Copied (replaced existing)
2026-03-04 19:49:39 [DEBUG] rclone: 2026/03/04 19:49:08 INFO  : Lightroom-Katalog-v15 Helper.lrdata/helper.db: Copied (replaced existing)
2026-03-04 19:49:39 [DEBUG] rclone: 2026/03/04 19:49:09 INFO  : Lightroom-Katalog-v15 Helper.lrdata/metadatahelper.db: Copied (replaced existing)
2026-03-04 19:49:39 [DEBUG] rclone: 2026/03/04 19:49:09 INFO  : Lightroom-Katalog-v15 Sync.lrdata/0599d3e4191040789de5b1bb43bef3c0/Managed Catalog.mcat-shm: Copied (replaced existing)
2026-03-04 19:49:39 [DEBUG] rclone: 2026/03/04 19:49:09 INFO  : Lightroom-Katalog-v15 Sync.lrdata/0599d3e4191040789de5b1bb43bef3c0/Managed Catalog.mcat-wal: Copied (replaced existing)
2026-03-04 19:49:39 [DEBUG] rclone: 2026/03/04 19:49:09 INFO  : Lightroom-Katalog-v15 Sync.lrdata/0599d3e4191040789de5b1bb43bef3c0/Managed Catalog.wfindex-shm: Copied (replaced existing)
2026-03-04 19:49:39 [DEBUG] rclone: 2026/03/04 19:49:09 INFO  : Lightroom-Katalog-v15 Sync.lrdata/0599d3e4191040789de5b1bb43bef3c0/Managed Catalog.wfindex-wal: Copied (replaced existing)
2026-03-04 19:49:39 [DEBUG] rclone: 2026/03/04 19:49:09 INFO  : Lightroom-Katalog-v15.lrcat-data/004177.log: Copied (new)
2026-03-04 19:49:39 [DEBUG] rclone: 2026/03/04 19:49:09 INFO  : Lightroom-Katalog-v15.lrcat-data/CURRENT: Copied (replaced existing)
2026-03-04 19:49:39 [DEBUG] rclone: 2026/03/04 19:49:09 INFO  : Lightroom-Katalog-v15.lrcat-data/LOG.old.1772650127877271: Copied (new)
2026-03-04 19:49:39 [DEBUG] rclone: 2026/03/04 19:49:09 INFO  : Lightroom-Katalog-v15.lrcat-data/LOCK: Copied (replaced existing)
2026-03-04 19:49:39 [DEBUG] rclone: 2026/03/04 19:49:09 INFO  : Lightroom-Katalog-v15.lrcat-data/MANIFEST-004178: Copied (new)
2026-03-04 19:49:39 [DEBUG] rclone: 2026/03/04 19:49:09 INFO  : Lightroom-Katalog-v15.lrcat-data/OPTIONS-004180: Copied (new)
2026-03-04 19:49:39 [DEBUG] rclone: 2026/03/04 19:49:09 INFO  : Lightroom-Katalog-v15.lrcat-data/LOG: Copied (replaced existing)
2026-03-04 19:49:39 [DEBUG] rclone: 2026/03/04 19:49:17 INFO  : 2025-11-29 0311/Lightroom-Katalog-v15.zip: Multi-thread Copied (new)
2026-03-04 19:49:39 [DEBUG] rclone: 2026/03/04 19:49:17 INFO  : 2025-12-01 1427/Lightroom-Katalog-v15.zip: Multi-thread Copied (new)
2026-03-04 19:49:39 [DEBUG] rclone: 2026/03/04 19:49:38 INFO  : Lightroom-Katalog-v15.lrcat: Multi-thread Copied (replaced existing)
2026-03-04 19:49:39 [DEBUG] rclone: 2026/03/04 19:49:38 INFO  : Lightroom-Katalog-v15.lrcat-data/LOG.old.1772574231619287: Deleted
2026-03-04 19:49:39 [DEBUG] rclone: 2026/03/04 19:49:38 INFO  : Lightroom-Katalog-v15.lrcat-data/MANIFEST-004174: Deleted
2026-03-04 19:49:39 [DEBUG] rclone: 2026/03/04 19:49:38 INFO  : Lightroom-Katalog-v15.lrcat-data/004173.log: Deleted
2026-03-04 19:49:39 [DEBUG] rclone: 2026/03/04 19:49:38 INFO  : Lightroom-Katalog-v15.lrcat-data/OPTIONS-004172: Deleted
2026-03-04 19:49:39 [DEBUG] rclone: Transferred:   	    8.635 GiB / 8.635 GiB, 100%, 235.053 MiB/s, ETA 0s
2026-03-04 19:49:39 [DEBUG] rclone: Deleted:                4 (files), 0 (dirs), 29.957 KiB (freed)
2026-03-04 19:49:39 [DEBUG] rclone: Transferred:           17 / 17, 100%
2026-03-04 19:49:39 [INFO] Catalog: Schreibschutz deaktiviert für Lightroom-Katalog-v15.lrcat
2026-03-04 19:49:40 [DEBUG] Catalog: Remote *.lrcat gefunden: Lightroom-Katalog-v15.lrcat
2026-03-04 19:49:40 [INFO] Catalog: Remote read-only Status überprüft
2026-03-04 19:49:40 [INFO] Catalog: Schreibschutz deaktiviert für Lightroom-Katalog-v15.lrcat
2026-03-04 19:49:40 [DEBUG] Catalog: Sync End
2026-03-04 19:49:40 [DEBUG] Backup: Checking
2026-03-04 19:49:40 [DEBUG] Backup: Pfad: E:\Lightroom_test/Backups <-> synology:Lightroom/Backups
2026-03-04 19:49:41 [DEBUG] Backup: Keine Änderungen gefunden
2026-03-04 19:49:41 [DEBUG] Backup: Check End
2026-03-04 19:49:41 [DEBUG] Sync loop End
2026-03-04 19:49:41 [DEBUG] ==============================================
2026-03-04 19:49:45 [DEBUG] Catalog: Check: Lokal=03.04.2026 19:49:06 | NAS=03.04.2026 19:49:06
2026-03-04 19:49:45 [DEBUG] Catalog: kein Unterschied
2026-03-04 19:49:45 [DEBUG] Backup: Checking
2026-03-04 19:49:45 [DEBUG] Backup: Pfad: E:\Lightroom_test/Backups <-> synology:Lightroom/Backups
2026-03-04 19:49:45 [DEBUG] Backup: Keine Änderungen gefunden
2026-03-04 19:49:45 [DEBUG] Backup: Check End
2026-03-04 19:49:45 [DEBUG] Sync loop End
2026-03-04 19:49:45 [DEBUG] ==============================================
2026-03-04 19:49:46 [DEBUG] Catalog: Check: Lokal=03.04.2026 19:49:06 | NAS=03.04.2026 19:49:06
2026-03-04 19:49:46 [DEBUG] Catalog: kein Unterschied
2026-03-04 19:49:46 [DEBUG] Backup: Checking
2026-03-04 19:49:46 [DEBUG] Backup: Pfad: E:\Lightroom_test/Backups <-> synology:Lightroom/Backups
2026-03-04 19:49:46 [DEBUG] Backup: Keine Änderungen gefunden
2026-03-04 19:49:46 [DEBUG] Backup: Check End
2026-03-04 19:49:46 [DEBUG] Sync loop End
2026-03-04 19:49:46 [DEBUG] ==============================================
2026-03-04 19:49:47 [DEBUG] Catalog: Check: Lokal=03.04.2026 19:49:06 | NAS=03.04.2026 19:49:06
2026-03-04 19:49:47 [DEBUG] Catalog: kein Unterschied
2026-03-04 19:49:47 [DEBUG] Backup: Checking
2026-03-04 19:49:47 [DEBUG] Backup: Pfad: E:\Lightroom_test/Backups <-> synology:Lightroom/Backups
2026-03-04 19:49:48 [DEBUG] Backup: Keine Änderungen gefunden
2026-03-04 19:49:48 [DEBUG] Backup: Check End
2026-03-04 19:49:48 [DEBUG] Sync loop End
2026-03-04 19:49:48 [DEBUG] ==============================================
2026-03-04 19:49:52 [DEBUG] Catalog: Check: Lokal=03.04.2026 19:49:06 | NAS=03.04.2026 19:49:06
2026-03-04 19:49:52 [DEBUG] Catalog: kein Unterschied
2026-03-04 19:49:52 [DEBUG] Backup: Checking
2026-03-04 19:49:52 [DEBUG] Backup: Pfad: E:\Lightroom_test/Backups <-> synology:Lightroom/Backups
2026-03-04 19:49:54 [DEBUG] Backup: Keine Änderungen gefunden
2026-03-04 19:49:54 [DEBUG] Backup: Check End
2026-03-04 19:49:54 [DEBUG] Sync loop End
2026-03-04 19:49:54 [DEBUG] ==============================================
2026-03-04 19:49:57 [DEBUG] Catalog: Check: Lokal=03.04.2026 19:49:06 | NAS=03.04.2026 19:49:06
2026-03-04 19:49:57 [DEBUG] Catalog: kein Unterschied
2026-03-04 19:49:57 [DEBUG] Backup: Checking
2026-03-04 19:49:57 [DEBUG] Backup: Pfad: E:\Lightroom_test/Backups <-> synology:Lightroom/Backups
2026-03-04 19:49:57 [DEBUG] Backup: Keine Änderungen gefunden
2026-03-04 19:49:57 [DEBUG] Backup: Check End
2026-03-04 19:49:57 [DEBUG] Sync loop End
2026-03-04 19:49:57 [DEBUG] ==============================================
2026-03-04 19:50:02 [DEBUG] Catalog: Check: Lokal=03.04.2026 19:49:06 | NAS=03.04.2026 19:49:06
2026-03-04 19:50:02 [DEBUG] Catalog: kein Unterschied
2026-03-04 19:50:02 [DEBUG] Backup: Checking
2026-03-04 19:50:02 [DEBUG] Backup: Pfad: E:\Lightroom_test/Backups <-> synology:Lightroom/Backups
2026-03-04 19:50:02 [DEBUG] Backup: Keine Änderungen gefunden
2026-03-04 19:50:02 [DEBUG] Backup: Check End
2026-03-04 19:50:02 [DEBUG] Sync loop End
2026-03-04 19:50:02 [DEBUG] ==============================================
2026-03-04 19:50:07 [DEBUG] Catalog: Check: Lokal=03.04.2026 19:49:06 | NAS=03.04.2026 19:49:06
2026-03-04 19:50:07 [DEBUG] Catalog: kein Unterschied
2026-03-04 19:50:07 [DEBUG] Backup: Checking
2026-03-04 19:50:07 [DEBUG] Backup: Pfad: E:\Lightroom_test/Backups <-> synology:Lightroom/Backups
2026-03-04 19:50:07 [DEBUG] Backup: Keine Änderungen gefunden
2026-03-04 19:50:07 [DEBUG] Backup: Check End
2026-03-04 19:50:07 [DEBUG] Sync loop End
2026-03-04 19:50:07 [DEBUG] ==============================================
2026-03-04 19:50:12 [DEBUG] Catalog: Check: Lokal=03.04.2026 19:49:06 | NAS=03.04.2026 19:49:06
2026-03-04 19:50:12 [DEBUG] Catalog: kein Unterschied
2026-03-04 19:50:12 [DEBUG] Backup: Checking
2026-03-04 19:50:12 [DEBUG] Backup: Pfad: E:\Lightroom_test/Backups <-> synology:Lightroom/Backups
2026-03-04 19:50:12 [DEBUG] Backup: Keine Änderungen gefunden
2026-03-04 19:50:12 [DEBUG] Backup: Check End
2026-03-04 19:50:12 [DEBUG] Sync loop End
2026-03-04 19:50:12 [DEBUG] ==============================================
2026-03-04 19:50:17 [DEBUG] Catalog: Check: Lokal=03.04.2026 19:49:06 | NAS=03.04.2026 19:49:06
2026-03-04 19:50:17 [DEBUG] Catalog: kein Unterschied
2026-03-04 19:50:17 [DEBUG] Backup: Checking
2026-03-04 19:50:17 [DEBUG] Backup: Pfad: E:\Lightroom_test/Backups <-> synology:Lightroom/Backups
2026-03-04 19:50:17 [DEBUG] Backup: Keine Änderungen gefunden
2026-03-04 19:50:17 [DEBUG] Backup: Check End
2026-03-04 19:50:17 [DEBUG] Sync loop End
2026-03-04 19:50:17 [DEBUG] ==============================================
2026-03-04 19:50:22 [DEBUG] Catalog: Check: Lokal=03.04.2026 19:49:06 | NAS=03.04.2026 19:49:06
2026-03-04 19:50:22 [DEBUG] Catalog: kein Unterschied
2026-03-04 19:50:22 [DEBUG] Backup: Checking
2026-03-04 19:50:22 [DEBUG] Backup: Pfad: E:\Lightroom_test/Backups <-> synology:Lightroom/Backups
2026-03-04 19:50:22 [DEBUG] Backup: Keine Änderungen gefunden
2026-03-04 19:50:22 [DEBUG] Backup: Check End
2026-03-04 19:50:22 [DEBUG] Sync loop End
2026-03-04 19:50:22 [DEBUG] ==============================================
