2026-02-28 22:48:50 [INFO] === Lightroom Watcher gestartet ===
2026-02-28 22:48:52 [INFO] Check: Lokal=02.28.2026 22:39:49 | NAS=02.28.2026 22:39:49
2026-02-28 22:48:52 [INFO] Check Backups (BISYNC)
2026-02-28 22:49:03 [INFO] Check: Lokal=02.28.2026 22:39:49 | NAS=02.28.2026 22:39:49
2026-02-28 22:49:03 [INFO] Check Backups (BISYNC)
2026-02-28 22:49:14 [INFO] Check: Lokal=02.28.2026 22:39:49 | NAS=02.28.2026 22:39:49
2026-02-28 22:49:14 [INFO] Check Backups (BISYNC)
2026-02-28 22:49:25 [INFO] Check: Lokal=02.28.2026 22:39:49 | NAS=02.28.2026 22:39:49
2026-02-28 22:49:25 [INFO] Check Backups (BISYNC)
2026-02-28 22:49:36 [INFO] Check: Lokal=02.28.2026 22:39:49 | NAS=02.28.2026 22:39:49
2026-02-28 22:49:36 [INFO] Check Backups (BISYNC)
2026-02-28 22:49:47 [INFO] Check: Lokal=02.28.2026 22:39:49 | NAS=02.28.2026 22:39:49
2026-02-28 22:49:47 [INFO] Check Backups (BISYNC)
2026-02-28 22:49:59 [INFO] Check: Lokal=02.28.2026 22:39:49 | NAS=02.28.2026 22:39:49
2026-02-28 22:49:59 [INFO] Check Backups (BISYNC)
2026-02-28 22:50:10 [INFO] Check: Lokal=02.28.2026 22:39:49 | NAS=02.28.2026 22:39:49
2026-02-28 22:50:10 [INFO] Check Backups (BISYNC)
2026-02-28 22:50:21 [INFO] Check: Lokal=02.28.2026 22:39:49 | NAS=02.28.2026 22:39:49
2026-02-28 22:50:21 [INFO] Check Backups (BISYNC)
2026-02-28 22:50:32 [INFO] Check: Lokal=02.28.2026 22:39:49 | NAS=02.28.2026 22:39:49
2026-02-28 22:50:32 [INFO] Check Backups (BISYNC)
2026-02-28 22:50:43 [INFO] Check: Lokal=02.28.2026 22:39:49 | NAS=02.28.2026 22:39:49
2026-02-28 22:50:43 [INFO] Check Backups (BISYNC)
2026-02-28 22:50:54 [INFO] Check: Lokal=02.28.2026 22:39:49 | NAS=02.28.2026 22:39:49
2026-02-28 22:50:54 [INFO] Check Backups (BISYNC)
2026-02-28 22:51:05 [INFO] Check: Lokal=02.28.2026 22:39:49 | NAS=02.28.2026 22:39:49
2026-02-28 22:51:05 [INFO] Check Backups (BISYNC)
2026-02-28 22:51:17 [INFO] Check: Lokal=02.28.2026 22:39:49 | NAS=02.28.2026 22:39:49
2026-02-28 22:51:17 [INFO] Check Backups (BISYNC)
2026-02-28 22:51:28 [INFO] Check: Lokal=02.28.2026 22:39:49 | NAS=02.28.2026 22:39:49
2026-02-28 22:51:28 [INFO] Check Backups (BISYNC)
2026-02-28 22:51:39 [INFO] Check: Lokal=02.28.2026 22:39:49 | NAS=02.28.2026 22:39:49
2026-02-28 22:51:39 [INFO] Check Backups (BISYNC)
2026-02-28 22:51:50 [INFO] Check: Lokal=02.28.2026 22:39:49 | NAS=02.28.2026 22:39:49
2026-02-28 22:51:50 [INFO] Check Backups (BISYNC)
2026-02-28 22:52:01 [INFO] Check: Lokal=02.28.2026 22:39:49 | NAS=02.28.2026 22:39:49
2026-02-28 22:52:01 [INFO] Check Backups (BISYNC)
2026-02-28 22:52:11 [INFO] Lock erkannt
2026-02-28 22:52:15 [INFO] Lock erkannt
2026-02-28 22:52:20 [INFO] Lock erkannt
2026-02-28 22:52:25 [INFO] Lock erkannt
2026-02-28 22:52:30 [INFO] Lock erkannt
2026-02-28 22:52:35 [INFO] Lock erkannt
2026-02-28 22:52:41 [INFO] Check: Lokal=02.28.2026 22:52:36 | NAS=02.28.2026 22:39:49
2026-02-28 22:52:41 [INFO] PC neuer -> Upload
2026-02-28 22:52:41 [INFO] Kopiere *.lrcat: upload
2026-02-28 22:52:56 [INFO] SYNC: upload / full
2026-02-28 22:52:58 [INFO] Fertig
2026-02-28 22:53:08 [INFO] Check Backups (BISYNC)
2026-02-28 22:53:19 [INFO] Check: Lokal=02.28.2026 22:52:36 | NAS=02.28.2026 22:52:36
2026-02-28 22:53:19 [INFO] Check Backups (BISYNC)
2026-02-28 22:53:30 [INFO] Check: Lokal=02.28.2026 22:52:36 | NAS=02.28.2026 22:52:36
2026-02-28 22:53:30 [INFO] Check Backups (BISYNC)
2026-02-28 22:53:41 [INFO] Check: Lokal=02.28.2026 22:52:36 | NAS=02.28.2026 22:52:36
2026-02-28 22:53:41 [INFO] Check Backups (BISYNC)
2026-02-28 22:53:53 [INFO] Check: Lokal=02.28.2026 22:52:36 | NAS=02.28.2026 22:52:36
2026-02-28 22:53:53 [INFO] Check Backups (BISYNC)
2026-02-28 22:58:28 [INFO] === Lightroom Watcher gestartet ===
2026-02-28 22:58:30 [INFO] Check: Lokal=02.28.2026 22:52:36 | NAS=02.28.2026 22:52:36
2026-02-28 22:58:30 [INFO] Check Backups (BISYNC)
2026-02-28 22:58:36 [INFO] rclone: Elapsed time:         5.4s
2026-02-28 22:58:47 [INFO] Check: Lokal=02.28.2026 22:52:36 | NAS=02.28.2026 22:52:36
2026-02-28 22:58:47 [INFO] Check Backups (BISYNC)
2026-02-28 22:58:53 [INFO] rclone: Elapsed time:         5.5s
2026-02-28 22:59:04 [INFO] Check: Lokal=02.28.2026 22:52:36 | NAS=02.28.2026 22:52:36
2026-02-28 22:59:04 [INFO] Check Backups (BISYNC)
2026-02-28 22:59:10 [INFO] rclone: Elapsed time:         5.2s
2026-02-28 23:02:00 [INFO] === Lightroom Watcher gestartet ===
2026-02-28 23:02:02 [INFO] Check: Lokal=02.28.2026 22:52:36 | NAS=02.28.2026 22:52:36
2026-02-28 23:02:02 [INFO] Check Backups (BISYNC)
2026-02-28 23:02:18 [INFO] Check End
2026-02-28 23:02:19 [INFO] Check: Lokal=02.28.2026 22:52:36 | NAS=02.28.2026 22:52:36
2026-02-28 23:02:19 [INFO] Check Backups (BISYNC)
2026-02-28 23:02:35 [INFO] Check End
2026-02-28 23:02:36 [INFO] Check: Lokal=02.28.2026 22:52:36 | NAS=02.28.2026 22:52:36
2026-02-28 23:02:36 [INFO] Check Backups (BISYNC)
2026-02-28 23:02:52 [INFO] Check End
2026-02-28 23:02:54 [INFO] Check: Lokal=02.28.2026 22:52:36 | NAS=02.28.2026 22:52:36
2026-02-28 23:02:54 [INFO] Check Backups (BISYNC)
2026-02-28 23:03:09 [INFO] Check End
2026-02-28 23:03:11 [INFO] Check: Lokal=02.28.2026 22:52:36 | NAS=02.28.2026 22:52:36
2026-02-28 23:03:11 [INFO] Check Backups (BISYNC)
2026-02-28 23:03:26 [INFO] Check End
2026-02-28 23:03:28 [INFO] Check: Lokal=02.28.2026 22:52:36 | NAS=02.28.2026 22:52:36
2026-02-28 23:03:28 [INFO] Check Backups (BISYNC)
2026-02-28 23:03:44 [INFO] Check End
2026-02-28 23:03:45 [INFO] Check: Lokal=02.28.2026 22:52:36 | NAS=02.28.2026 22:52:36
2026-02-28 23:03:45 [INFO] Check Backups (BISYNC)
2026-02-28 23:04:01 [INFO] Check End
2026-02-28 23:04:03 [INFO] Check: Lokal=02.28.2026 22:52:36 | NAS=02.28.2026 22:52:36
2026-02-28 23:04:03 [INFO] Check Backups (BISYNC)
2026-02-28 23:04:19 [INFO] Check End
2026-02-28 23:04:20 [INFO] Check: Lokal=02.28.2026 22:52:36 | NAS=02.28.2026 22:52:36
2026-02-28 23:04:20 [INFO] Check Backups (BISYNC)
2026-02-28 23:09:09 [INFO] === Lightroom Watcher gestartet ===
2026-02-28 23:09:11 [INFO] Check: Lokal=02.28.2026 22:52:36 | NAS=02.28.2026 22:52:36
2026-02-28 23:09:12 [INFO] Check End
2026-02-28 23:09:15 [INFO] Check: Lokal=02.28.2026 22:52:36 | NAS=02.28.2026 22:52:36
2026-02-28 23:09:16 [INFO] Check End
2026-02-28 23:09:20 [INFO] Check: Lokal=02.28.2026 22:52:36 | NAS=02.28.2026 22:52:36
2026-02-28 23:09:21 [INFO] Check End
2026-02-28 23:09:25 [INFO] Check: Lokal=02.28.2026 22:52:36 | NAS=02.28.2026 22:52:36
2026-02-28 23:09:26 [INFO] Check End
2026-02-28 23:09:30 [INFO] Check: Lokal=02.28.2026 22:52:36 | NAS=02.28.2026 22:52:36
2026-02-28 23:09:31 [INFO] Check End
2026-02-28 23:09:35 [INFO] Check: Lokal=02.28.2026 22:52:36 | NAS=02.28.2026 22:52:36
2026-02-28 23:09:36 [INFO] Check End
2026-02-28 23:09:40 [INFO] Check: Lokal=02.28.2026 22:52:36 | NAS=02.28.2026 22:52:36
2026-02-28 23:09:41 [INFO] Check End
2026-02-28 23:09:45 [INFO] Check: Lokal=02.28.2026 22:52:36 | NAS=02.28.2026 22:52:36
2026-02-28 23:09:46 [INFO] Check End
2026-02-28 23:09:50 [INFO] Check: Lokal=02.28.2026 22:52:36 | NAS=02.28.2026 22:52:36
2026-02-28 23:09:51 [INFO] Check End
2026-02-28 23:09:55 [INFO] Check: Lokal=02.28.2026 22:52:36 | NAS=02.28.2026 22:52:36
2026-02-28 23:09:56 [INFO] Check End
2026-02-28 23:10:00 [INFO] Check: Lokal=02.28.2026 22:52:36 | NAS=02.28.2026 22:52:36
2026-02-28 23:10:01 [INFO] Check End
2026-02-28 23:10:05 [INFO] Check: Lokal=02.28.2026 22:52:36 | NAS=02.28.2026 22:52:36
2026-02-28 23:10:06 [INFO] Check End
2026-02-28 23:10:10 [INFO] Check: Lokal=02.28.2026 22:52:36 | NAS=02.28.2026 22:52:36
2026-02-28 23:10:11 [INFO] Check End
2026-02-28 23:10:15 [INFO] Check: Lokal=02.28.2026 22:52:36 | NAS=02.28.2026 22:52:36
2026-02-28 23:10:16 [INFO] Check End
2026-02-28 23:10:20 [INFO] Check: Lokal=02.28.2026 22:52:36 | NAS=02.28.2026 22:52:36
2026-02-28 23:10:21 [INFO] Check End
2026-02-28 23:10:25 [INFO] Check: Lokal=02.28.2026 22:52:36 | NAS=02.28.2026 22:52:36
2026-02-28 23:10:26 [INFO] Check End
2026-02-28 23:10:30 [INFO] Check: Lokal=02.28.2026 22:52:36 | NAS=02.28.2026 22:52:36
2026-02-28 23:10:31 [INFO] Check End
2026-02-28 23:10:35 [INFO] Check: Lokal=02.28.2026 22:52:36 | NAS=02.28.2026 22:52:36
2026-02-28 23:10:36 [INFO] Check End
2026-02-28 23:20:00 [INFO] === Lightroom Watcher gestartet ===
2026-02-28 23:20:01 [INFO] Check: Lokal=02.28.2026 22:52:36 | NAS=02.28.2026 22:52:36
2026-02-28 23:20:01 [INFO] Check Backups (BISYNC)
2026-02-28 23:20:02 [INFO] Check End
2026-02-28 23:20:06 [INFO] Check: Lokal=02.28.2026 22:52:36 | NAS=02.28.2026 22:52:36
2026-02-28 23:20:06 [INFO] Check Backups (BISYNC)
2026-02-28 23:20:06 [INFO] Check End
2026-02-28 23:20:11 [INFO] Check: Lokal=02.28.2026 22:52:36 | NAS=02.28.2026 22:52:36
2026-02-28 23:20:11 [INFO] Check Backups (BISYNC)
2026-02-28 23:20:11 [INFO] Check End
2026-02-28 23:20:16 [INFO] Check: Lokal=02.28.2026 22:52:36 | NAS=02.28.2026 22:52:36
2026-02-28 23:20:16 [INFO] Check Backups (BISYNC)
2026-02-28 23:20:16 [INFO] Check End
2026-02-28 23:20:21 [INFO] Check: Lokal=02.28.2026 22:52:36 | NAS=02.28.2026 22:52:36
2026-02-28 23:20:21 [INFO] Check Backups (BISYNC)
2026-02-28 23:20:21 [INFO] Check End
2026-02-28 23:20:26 [INFO] Check: Lokal=02.28.2026 22:52:36 | NAS=02.28.2026 22:52:36
2026-02-28 23:20:26 [INFO] Check Backups (BISYNC)
2026-02-28 23:20:26 [INFO] Check End
2026-02-28 23:20:31 [INFO] Check: Lokal=02.28.2026 22:52:36 | NAS=02.28.2026 22:52:36
2026-02-28 23:20:31 [INFO] Check Backups (BISYNC)
2026-02-28 23:20:31 [INFO] Check End
2026-02-28 23:20:36 [INFO] Check: Lokal=02.28.2026 22:52:36 | NAS=02.28.2026 22:52:36
2026-02-28 23:20:36 [INFO] Check Backups (BISYNC)
2026-02-28 23:20:36 [INFO] Check End
2026-02-28 23:20:41 [INFO] Check: Lokal=02.28.2026 22:52:36 | NAS=02.28.2026 22:52:36
2026-02-28 23:20:41 [INFO] Check Backups (BISYNC)
2026-02-28 23:20:41 [INFO] Check End
2026-02-28 23:20:46 [INFO] Check: Lokal=02.28.2026 22:52:36 | NAS=02.28.2026 22:52:36
2026-02-28 23:20:46 [INFO] Check Backups (BISYNC)
2026-02-28 23:20:46 [INFO] Check End
2026-02-28 23:20:51 [INFO] Check: Lokal=02.28.2026 22:52:36 | NAS=02.28.2026 22:52:36
2026-02-28 23:20:51 [INFO] Check Backups (BISYNC)
2026-02-28 23:20:51 [INFO] Check End
2026-02-28 23:20:56 [INFO] Check: Lokal=02.28.2026 22:52:36 | NAS=02.28.2026 22:52:36
2026-02-28 23:20:56 [INFO] Check Backups (BISYNC)
2026-02-28 23:20:56 [INFO] Check End
2026-02-28 23:21:01 [INFO] Check: Lokal=02.28.2026 22:52:36 | NAS=02.28.2026 22:52:36
2026-02-28 23:21:01 [INFO] Check Backups (BISYNC)
2026-02-28 23:21:01 [INFO] Check End
2026-02-28 23:21:06 [INFO] Check: Lokal=02.28.2026 22:52:36 | NAS=02.28.2026 22:52:36
2026-02-28 23:21:06 [INFO] Check Backups (BISYNC)
2026-02-28 23:21:06 [INFO] Check End
2026-02-28 23:22:16 [INFO] === Lightroom Watcher gestartet ===
2026-02-28 23:22:17 [INFO] Check: Lokal=02.28.2026 22:52:36 | NAS=02.28.2026 22:52:36
2026-02-28 23:22:17 [INFO] Check Backups (BISYNC)
2026-02-28 23:22:17 [INFO] Check End
2026-02-28 23:22:19 [INFO] Beendet durch Benutzer
