2026-03-01 10:32:08 [INFO] === Lightroom Watcher gestartet ===
2026-03-01 10:32:10 [INFO] Check: Lokal=02.28.2026 22:52:36 | NAS=02.28.2026 22:52:36
2026-03-01 10:32:10 [INFO] Check Backups (BISYNC)
2026-03-01 10:32:10 [INFO] Check End
2026-03-01 10:32:14 [INFO] Check: Lokal=02.28.2026 22:52:36 | NAS=02.28.2026 22:52:36
2026-03-01 10:32:14 [INFO] Check Backups (BISYNC)
2026-03-01 10:32:14 [INFO] Check End
2026-03-01 10:32:19 [INFO] Check: Lokal=02.28.2026 22:52:36 | NAS=02.28.2026 22:52:36
2026-03-01 10:32:19 [INFO] Check Backups (BISYNC)
2026-03-01 10:32:19 [INFO] Check End
2026-03-01 10:32:24 [INFO] Check: Lokal=02.28.2026 22:52:36 | NAS=02.28.2026 22:52:36
2026-03-01 10:32:24 [INFO] Check Backups (BISYNC)
2026-03-01 10:32:24 [INFO] Check End
2026-03-01 10:32:29 [INFO] Check: Lokal=02.28.2026 22:52:36 | NAS=02.28.2026 22:52:36
2026-03-01 10:32:29 [INFO] Check Backups (BISYNC)
2026-03-01 10:32:29 [INFO] Check End
2026-03-01 10:32:34 [INFO] Check: Lokal=02.28.2026 22:52:36 | NAS=02.28.2026 22:52:36
2026-03-01 10:32:34 [INFO] Check Backups (BISYNC)
2026-03-01 10:32:34 [INFO] Check End
2026-03-01 10:32:39 [INFO] Check: Lokal=02.28.2026 22:52:36 | NAS=02.28.2026 22:52:36
2026-03-01 10:32:39 [INFO] Check Backups (BISYNC)
2026-03-01 10:32:39 [INFO] Check End
2026-03-01 10:32:44 [INFO] Check: Lokal=02.28.2026 22:52:36 | NAS=02.28.2026 22:52:36
2026-03-01 10:32:44 [INFO] Check Backups (BISYNC)
2026-03-01 10:32:44 [INFO] Check End
2026-03-01 10:32:49 [INFO] Check: Lokal=02.28.2026 22:52:36 | NAS=02.28.2026 22:52:36
2026-03-01 10:32:49 [INFO] Check Backups (BISYNC)
2026-03-01 10:32:49 [INFO] Check End
2026-03-01 10:32:54 [INFO] Check: Lokal=02.28.2026 22:52:36 | NAS=02.28.2026 22:52:36
2026-03-01 10:32:54 [INFO] Check Backups (BISYNC)
2026-03-01 10:32:54 [INFO] Check End
2026-03-01 10:32:59 [INFO] Check: Lokal=02.28.2026 22:52:36 | NAS=02.28.2026 22:52:36
2026-03-01 10:32:59 [INFO] Check Backups (BISYNC)
2026-03-01 10:32:59 [INFO] Check End
2026-03-01 10:33:04 [INFO] Check: Lokal=02.28.2026 22:52:36 | NAS=02.28.2026 22:52:36
2026-03-01 10:33:04 [INFO] Check Backups (BISYNC)
2026-03-01 10:33:04 [INFO] Check End
2026-03-01 10:33:09 [INFO] Check: Lokal=02.28.2026 22:52:36 | NAS=02.28.2026 22:52:36
2026-03-01 10:33:09 [INFO] Check Backups (BISYNC)
2026-03-01 10:33:09 [INFO] Check End
2026-03-01 10:33:14 [INFO] Check: Lokal=02.28.2026 22:52:36 | NAS=02.28.2026 22:52:36
2026-03-01 10:33:14 [INFO] Check Backups (BISYNC)
2026-03-01 10:33:14 [INFO] Check End
2026-03-01 10:33:19 [INFO] Check: Lokal=02.28.2026 22:52:36 | NAS=02.28.2026 22:52:36
2026-03-01 10:33:19 [INFO] Check Backups (BISYNC)
2026-03-01 10:33:19 [INFO] Check End
2026-03-01 10:33:25 [INFO] Check: Lokal=02.28.2026 22:52:36 | NAS=02.28.2026 22:52:36
2026-03-01 10:33:25 [INFO] Check Backups (BISYNC)
2026-03-01 10:33:25 [INFO] Check End
2026-03-01 10:33:29 [INFO] Check: Lokal=02.28.2026 22:52:36 | NAS=02.28.2026 22:52:36
2026-03-01 10:33:29 [INFO] Check Backups (BISYNC)
2026-03-01 10:33:29 [INFO] Check End
2026-03-01 10:33:34 [INFO] Check: Lokal=02.28.2026 22:52:36 | NAS=02.28.2026 22:52:36
2026-03-01 10:33:34 [INFO] Check Backups (BISYNC)
2026-03-01 10:33:34 [INFO] Check End
2026-03-01 10:33:39 [INFO] Check: Lokal=02.28.2026 22:52:36 | NAS=02.28.2026 22:52:36
2026-03-01 10:33:39 [INFO] Check Backups (BISYNC)
2026-03-01 10:33:39 [INFO] Check End
2026-03-01 10:33:44 [INFO] Check: Lokal=02.28.2026 22:52:36 | NAS=02.28.2026 22:52:36
2026-03-01 10:33:44 [INFO] Check Backups (BISYNC)
2026-03-01 10:33:44 [INFO] Check End
2026-03-01 10:33:49 [INFO] Check: Lokal=02.28.2026 22:52:36 | NAS=02.28.2026 22:52:36
2026-03-01 10:33:49 [INFO] Check Backups (BISYNC)
2026-03-01 10:33:49 [INFO] Check End
2026-03-01 10:33:54 [INFO] Check: Lokal=02.28.2026 22:52:36 | NAS=02.28.2026 22:52:36
2026-03-01 10:33:54 [INFO] Check Backups (BISYNC)
2026-03-01 10:33:54 [INFO] Check End
2026-03-01 10:33:59 [INFO] Check: Lokal=02.28.2026 22:52:36 | NAS=02.28.2026 22:52:36
2026-03-01 10:33:59 [INFO] Check Backups (BISYNC)
2026-03-01 10:33:59 [INFO] Check End
2026-03-01 10:34:04 [INFO] Check: Lokal=02.28.2026 22:52:36 | NAS=02.28.2026 22:52:36
2026-03-01 10:34:04 [INFO] Check Backups (BISYNC)
2026-03-01 10:34:04 [INFO] Check End
2026-03-01 10:34:09 [INFO] Check: Lokal=02.28.2026 22:52:36 | NAS=02.28.2026 22:52:36
2026-03-01 10:34:09 [INFO] Check Backups (BISYNC)
2026-03-01 10:34:09 [INFO] Check End
2026-03-01 10:34:14 [INFO] Check: Lokal=02.28.2026 22:52:36 | NAS=02.28.2026 22:52:36
2026-03-01 10:34:14 [INFO] Check Backups (BISYNC)
2026-03-01 10:34:14 [INFO] Check End
2026-03-01 10:34:19 [INFO] Check: Lokal=02.28.2026 22:52:36 | NAS=02.28.2026 22:52:36
2026-03-01 10:34:19 [INFO] Check Backups (BISYNC)
2026-03-01 10:34:19 [INFO] Check End
2026-03-01 10:34:24 [INFO] Check: Lokal=02.28.2026 22:52:36 | NAS=02.28.2026 22:52:36
2026-03-01 10:34:24 [INFO] Check Backups (BISYNC)
2026-03-01 10:34:24 [INFO] Check End
2026-03-01 10:34:29 [INFO] Check: Lokal=02.28.2026 22:52:36 | NAS=02.28.2026 22:52:36
2026-03-01 10:34:29 [INFO] Check Backups (BISYNC)
2026-03-01 10:34:29 [INFO] Check End
2026-03-01 10:34:34 [INFO] Check: Lokal=02.28.2026 22:52:36 | NAS=02.28.2026 22:52:36
2026-03-01 10:34:34 [INFO] Check Backups (BISYNC)
2026-03-01 10:34:34 [INFO] Check End
2026-03-01 10:34:39 [INFO] Check: Lokal=02.28.2026 22:52:36 | NAS=02.28.2026 22:52:36
2026-03-01 10:34:39 [INFO] Check Backups (BISYNC)
2026-03-01 10:34:39 [INFO] Check End
2026-03-01 10:34:44 [INFO] Check: Lokal=02.28.2026 22:52:36 | NAS=02.28.2026 22:52:36
2026-03-01 10:34:44 [INFO] Check Backups (BISYNC)
2026-03-01 10:34:44 [INFO] Check End
2026-03-01 10:34:49 [INFO] Check: Lokal=02.28.2026 22:52:36 | NAS=02.28.2026 22:52:36
2026-03-01 10:34:49 [INFO] Check Backups (BISYNC)
2026-03-01 10:34:49 [INFO] Check End
2026-03-01 10:34:54 [INFO] Check: Lokal=02.28.2026 22:52:36 | NAS=02.28.2026 22:52:36
2026-03-01 10:34:54 [INFO] Check Backups (BISYNC)
2026-03-01 10:34:54 [INFO] Check End
2026-03-01 10:34:59 [INFO] Check: Lokal=02.28.2026 22:52:36 | NAS=02.28.2026 22:52:36
2026-03-01 10:34:59 [INFO] Check Backups (BISYNC)
2026-03-01 10:34:59 [INFO] Check End
2026-03-01 10:35:04 [INFO] Check: Lokal=02.28.2026 22:52:36 | NAS=02.28.2026 22:52:36
2026-03-01 10:35:04 [INFO] Check Backups (BISYNC)
2026-03-01 10:35:04 [INFO] Check End
2026-03-01 10:35:09 [INFO] Check: Lokal=02.28.2026 22:52:36 | NAS=02.28.2026 22:52:36
2026-03-01 10:35:09 [INFO] Check Backups (BISYNC)
2026-03-01 10:35:09 [INFO] Check End
2026-03-01 10:35:14 [INFO] Check: Lokal=02.28.2026 22:52:36 | NAS=02.28.2026 22:52:36
2026-03-01 10:35:14 [INFO] Check Backups (BISYNC)
2026-03-01 10:35:14 [INFO] Check End
2026-03-01 10:35:19 [INFO] Check: Lokal=02.28.2026 22:52:36 | NAS=02.28.2026 22:52:36
2026-03-01 10:35:19 [INFO] Check Backups (BISYNC)
2026-03-01 10:35:19 [INFO] Check End
2026-03-01 10:35:24 [INFO] Check: Lokal=02.28.2026 22:52:36 | NAS=02.28.2026 22:52:36
2026-03-01 10:35:24 [INFO] Check Backups (BISYNC)
2026-03-01 10:35:24 [INFO] Check End
2026-03-01 10:35:29 [INFO] Check: Lokal=02.28.2026 22:52:36 | NAS=02.28.2026 22:52:36
2026-03-01 10:35:29 [INFO] Check Backups (BISYNC)
2026-03-01 10:35:29 [INFO] Check End
2026-03-01 10:35:34 [INFO] Check: Lokal=02.28.2026 22:52:36 | NAS=02.28.2026 22:52:36
2026-03-01 10:35:34 [INFO] Check Backups (BISYNC)
2026-03-01 10:35:34 [INFO] Check End
2026-03-01 10:35:39 [INFO] Check: Lokal=02.28.2026 22:52:36 | NAS=02.28.2026 22:52:36
2026-03-01 10:35:39 [INFO] Check Backups (BISYNC)
2026-03-01 10:35:39 [INFO] Check End
2026-03-01 10:35:44 [INFO] Check: Lokal=02.28.2026 22:52:36 | NAS=02.28.2026 22:52:36
2026-03-01 10:35:44 [INFO] Check Backups (BISYNC)
2026-03-01 10:35:44 [INFO] Check End
2026-03-01 10:35:49 [INFO] Check: Lokal=02.28.2026 22:52:36 | NAS=02.28.2026 22:52:36
2026-03-01 10:35:49 [INFO] Check Backups (BISYNC)
2026-03-01 10:35:49 [INFO] Check End
2026-03-01 10:35:54 [INFO] Check: Lokal=02.28.2026 22:52:36 | NAS=02.28.2026 22:52:36
2026-03-01 10:35:54 [INFO] Check Backups (BISYNC)
2026-03-01 10:35:54 [INFO] Check End
2026-03-01 10:35:59 [INFO] Check: Lokal=02.28.2026 22:52:36 | NAS=02.28.2026 22:52:36
2026-03-01 10:35:59 [INFO] Check Backups (BISYNC)
2026-03-01 10:35:59 [INFO] Check End
2026-03-01 10:36:04 [INFO] Check: Lokal=02.28.2026 22:52:36 | NAS=02.28.2026 22:52:36
2026-03-01 10:36:04 [INFO] Check Backups (BISYNC)
2026-03-01 10:36:04 [INFO] Check End
2026-03-01 10:36:09 [INFO] Check: Lokal=02.28.2026 22:52:36 | NAS=02.28.2026 22:52:36
2026-03-01 10:36:09 [INFO] Check Backups (BISYNC)
2026-03-01 10:36:09 [INFO] Check End
2026-03-01 10:36:37 [INFO] === Lightroom Watcher gestartet ===
2026-03-01 10:36:39 [INFO] Check: Lokal=02.28.2026 22:52:36 | NAS=02.28.2026 22:52:36
2026-03-01 10:36:58 [INFO] rclone: 2026/03/01 10:36:49 INFO  : Backups/Lightrg-v15.zip: Multi-thread Copied (new)
2026-03-01 10:36:58 [INFO] rclone: 2026/03/01 10:36:55 INFO  : Backups/LightrKdg-v15.zip: Multi-thread Copied (new)
2026-03-01 10:36:58 [INFO] rclone: Transferred:   	    4.499 GiB / 4.499 GiB, 100%, 309.461 MiB/s, ETA 0s
2026-03-01 10:36:58 [INFO] rclone: Transferred:            2 / 2, 100%
2026-03-01 10:36:58 [INFO] rclone: Elapsed time:        18.4s
2026-03-01 10:37:08 [INFO] Check End
2026-03-01 10:37:09 [INFO] Check: Lokal=02.28.2026 22:52:36 | NAS=02.28.2026 22:52:36
2026-03-01 10:37:24 [INFO] Check End
2026-03-01 10:37:26 [INFO] Check: Lokal=02.28.2026 22:52:36 | NAS=02.28.2026 22:52:36
2026-03-01 10:37:41 [INFO] Check End
2026-03-01 10:37:42 [INFO] Check: Lokal=02.28.2026 22:52:36 | NAS=02.28.2026 22:52:36
2026-03-01 10:37:57 [INFO] Check End
2026-03-01 10:37:58 [INFO] Check: Lokal=02.28.2026 22:52:36 | NAS=02.28.2026 22:52:36
2026-03-01 10:38:13 [INFO] Check End
2026-03-01 10:38:14 [INFO] Check: Lokal=02.28.2026 22:52:36 | NAS=02.28.2026 22:52:36
2026-03-01 10:38:29 [INFO] Check End
2026-03-01 10:38:30 [INFO] Check: Lokal=02.28.2026 22:52:36 | NAS=02.28.2026 22:52:36
2026-03-01 10:38:45 [INFO] Check End
2026-03-01 10:38:46 [INFO] Check: Lokal=02.28.2026 22:52:36 | NAS=02.28.2026 22:52:36
2026-03-01 10:39:01 [INFO] Check End
2026-03-01 10:39:03 [INFO] Check: Lokal=02.28.2026 22:52:36 | NAS=02.28.2026 22:52:36
2026-03-01 10:39:17 [INFO] Check End
2026-03-01 10:39:19 [INFO] Check: Lokal=02.28.2026 22:52:36 | NAS=02.28.2026 22:52:36
2026-03-01 10:39:34 [INFO] Check End
2026-03-01 10:39:35 [INFO] Check: Lokal=02.28.2026 22:52:36 | NAS=02.28.2026 22:52:36
2026-03-01 10:39:50 [INFO] Check End
2026-03-01 10:39:51 [INFO] Check: Lokal=02.28.2026 22:52:36 | NAS=02.28.2026 22:52:36
2026-03-01 10:40:22 [INFO] === Lightroom Watcher gestartet ===
2026-03-01 10:40:23 [INFO] Check: Lokal=02.28.2026 22:52:36 | NAS=02.28.2026 22:52:36
2026-03-01 10:40:38 [INFO] Check End
2026-03-01 10:40:40 [INFO] Check: Lokal=02.28.2026 22:52:36 | NAS=02.28.2026 22:52:36
2026-03-01 10:40:55 [INFO] Check End
2026-03-01 10:40:56 [INFO] Check: Lokal=02.28.2026 22:52:36 | NAS=02.28.2026 22:52:36
2026-03-01 10:41:11 [INFO] Check End
2026-03-01 10:41:13 [INFO] Check: Lokal=02.28.2026 22:52:36 | NAS=02.28.2026 22:52:36
2026-03-01 10:41:28 [INFO] Check End
2026-03-01 10:41:29 [INFO] Check: Lokal=02.28.2026 22:52:36 | NAS=02.28.2026 22:52:36
2026-03-01 10:41:44 [INFO] Check End
2026-03-01 10:41:46 [INFO] Check: Lokal=02.28.2026 22:52:36 | NAS=02.28.2026 22:52:36
2026-03-01 10:42:01 [INFO] Check End
2026-03-01 10:42:01 [INFO] Check: Lokal=02.28.2026 22:52:36 | NAS=02.28.2026 22:52:36
2026-03-01 10:42:17 [INFO] Check End
2026-03-01 10:42:18 [INFO] Check: Lokal=02.28.2026 22:52:36 | NAS=02.28.2026 22:52:36
2026-03-01 10:42:33 [INFO] Check End
2026-03-01 10:42:34 [INFO] Check: Lokal=02.28.2026 22:52:36 | NAS=02.28.2026 22:52:36
2026-03-01 10:42:49 [INFO] Check End
2026-03-01 10:42:50 [INFO] Check: Lokal=02.28.2026 22:52:36 | NAS=02.28.2026 22:52:36
2026-03-01 10:43:05 [INFO] Check End
2026-03-01 10:43:07 [INFO] Check: Lokal=02.28.2026 22:52:36 | NAS=02.28.2026 22:52:36
2026-03-01 10:43:21 [INFO] Check End
2026-03-01 10:43:23 [INFO] Check: Lokal=02.28.2026 22:52:36 | NAS=02.28.2026 22:52:36
2026-03-01 10:43:38 [INFO] Check End
2026-03-01 10:43:39 [INFO] Check: Lokal=02.28.2026 22:52:36 | NAS=02.28.2026 22:52:36
2026-03-01 10:43:54 [INFO] Check End
2026-03-01 10:43:55 [INFO] Check: Lokal=02.28.2026 22:52:36 | NAS=02.28.2026 22:52:36
2026-03-01 10:44:10 [INFO] Check End
2026-03-01 10:44:11 [INFO] Check: Lokal=02.28.2026 22:52:36 | NAS=02.28.2026 22:52:36
2026-03-01 10:44:26 [INFO] Check End
2026-03-01 10:44:27 [INFO] Check: Lokal=02.28.2026 22:52:36 | NAS=02.28.2026 22:52:36
2026-03-01 10:44:42 [INFO] Check End
2026-03-01 10:44:43 [INFO] Check: Lokal=02.28.2026 22:52:36 | NAS=02.28.2026 22:52:36
2026-03-01 10:44:58 [INFO] Check End
2026-03-01 10:45:00 [INFO] Check: Lokal=02.28.2026 22:52:36 | NAS=02.28.2026 22:52:36
2026-03-01 10:45:14 [INFO] Check End
2026-03-01 10:45:16 [INFO] Check: Lokal=02.28.2026 22:52:36 | NAS=02.28.2026 22:52:36
2026-03-01 10:45:31 [INFO] Check End
2026-03-01 10:45:32 [INFO] Check: Lokal=02.28.2026 22:52:36 | NAS=02.28.2026 22:52:36
2026-03-01 10:45:47 [INFO] Check End
2026-03-01 10:45:47 [INFO] Lock erkannt
2026-03-01 10:46:17 [WARN] Lock entfernt - Sync wird fortgesetzt
2026-03-01 10:46:18 [INFO] Check: Lokal=02.28.2026 22:52:36 | NAS=02.28.2026 22:52:36
2026-03-01 10:46:29 [INFO] rclone: 2026/03/01 10:46:26 INFO  : Backups/Lighg-v15.zip: Multi-thread Copied (new)
2026-03-01 10:46:29 [INFO] rclone: Transferred:   	    2.250 GiB / 2.250 GiB, 100%, 283.172 MiB/s, ETA 0s
2026-03-01 10:46:29 [INFO] rclone: Transferred:            1 / 1, 100%
2026-03-01 10:46:29 [INFO] rclone: Elapsed time:        10.7s
2026-03-01 10:46:39 [INFO] Check End
2026-03-01 10:46:41 [INFO] Check: Lokal=02.28.2026 22:52:36 | NAS=02.28.2026 22:52:36
2026-03-01 10:46:56 [INFO] Check End
2026-03-01 10:46:57 [INFO] Check: Lokal=02.28.2026 22:52:36 | NAS=02.28.2026 22:52:36
2026-03-01 10:47:12 [INFO] Check End
2026-03-01 10:47:14 [INFO] Check: Lokal=02.28.2026 22:52:36 | NAS=02.28.2026 22:52:36
2026-03-01 10:47:29 [INFO] Check End
2026-03-01 10:47:30 [INFO] Check: Lokal=02.28.2026 22:52:36 | NAS=02.28.2026 22:52:36
2026-03-01 10:47:45 [INFO] Check End
2026-03-01 10:47:46 [INFO] Check: Lokal=02.28.2026 22:52:36 | NAS=02.28.2026 22:52:36
2026-03-01 10:48:01 [INFO] Check End
2026-03-01 10:48:03 [INFO] Check: Lokal=02.28.2026 22:52:36 | NAS=02.28.2026 22:52:36
2026-03-01 10:48:18 [INFO] Check End
2026-03-01 10:48:18 [INFO] Lock erkannt
2026-03-01 10:48:32 [WARN] Lock entfernt - Sync wird fortgesetzt
2026-03-01 10:48:33 [INFO] Check: Lokal=03.01.2026 10:48:30 | NAS=02.28.2026 22:52:36
2026-03-01 10:48:33 [INFO] PC neuer -> Upload
2026-03-01 10:48:33 [INFO] Kopiere *.lrcat: upload
2026-03-01 10:48:48 [INFO] rclone: 2026/03/01 10:48:48 INFO  : Lightroom-Katalog-v15.lrcat: Multi-thread Copied (replaced existing)
2026-03-01 10:48:48 [INFO] rclone: Transferred:   	    4.266 GiB / 4.266 GiB, 100%, 310.393 MiB/s, ETA 0s
2026-03-01 10:48:48 [INFO] rclone: Transferred:            1 / 1, 100%
2026-03-01 10:48:48 [INFO] rclone: Elapsed time:        14.7s
2026-03-01 10:48:48 [INFO] SYNC: upload / full
2026-03-01 10:48:49 [INFO] rclone: 2026/03/01 10:48:49 INFO  : Lightroom-Katalog-v15.lrcat-data/OPTIONS-004120: Copied (new)
2026-03-01 10:48:49 [INFO] rclone: 2026/03/01 10:48:49 INFO  : Lightroom-Katalog-v15.lrcat-data/LOG.old.1772358488038276: Copied (new)
2026-03-01 10:48:49 [INFO] rclone: 2026/03/01 10:48:49 INFO  : Lightroom-Katalog-v15.lrcat-data/MANIFEST-004118: Copied (new)
2026-03-01 10:48:49 [INFO] rclone: 2026/03/01 10:48:49 INFO  : Lightroom-Katalog-v15.lrcat-data/004117.log: Copied (new)
2026-03-01 10:48:49 [INFO] rclone: 2026/03/01 10:48:49 INFO  : Lightroom-Katalog-v15.lrcat-data/LOG: Copied (replaced existing)
2026-03-01 10:48:49 [INFO] rclone: 2026/03/01 10:48:49 INFO  : Lightroom-Katalog-v15 Sync.lrdata/0599d3e4191040789de5b1bb43bef3c0/Managed Catalog.wfindex-wal: Copied (replaced existing)
2026-03-01 10:48:49 [INFO] rclone: 2026/03/01 10:48:49 INFO  : Lightroom-Katalog-v15 Helper.lrdata/metadatahelper.db: Copied (replaced existing)
2026-03-01 10:48:49 [INFO] rclone: Transferred:   	   34.118 MiB / 34.118 MiB, 100%, 0 B/s, ETA -
2026-03-01 10:48:49 [INFO] rclone: Transferred:            7 / 7, 100%
2026-03-01 10:48:49 [INFO] rclone: Elapsed time:         0.5s
2026-03-01 10:48:49 [INFO] Fertig
2026-03-01 10:49:05 [INFO] Check End
2026-03-01 10:49:06 [INFO] Check: Lokal=03.01.2026 10:48:30 | NAS=03.01.2026 10:48:30
2026-03-01 10:49:22 [INFO] Check End
2026-03-01 10:49:23 [INFO] Check: Lokal=03.01.2026 10:48:30 | NAS=03.01.2026 10:48:30
2026-03-01 10:50:36 [INFO] === Lightroom Watcher gestartet ===
2026-03-01 10:50:37 [INFO] Check: Lokal=03.01.2026 10:48:30 | NAS=03.01.2026 10:48:30
2026-03-01 10:50:37 [INFO] Check Backups (BISYNC)
2026-03-01 10:50:42 [INFO] Check End
2026-03-01 10:50:43 [INFO] Check: Lokal=03.01.2026 10:48:30 | NAS=03.01.2026 10:48:30
2026-03-01 10:50:43 [INFO] Check Backups (BISYNC)
2026-03-01 10:50:48 [INFO] Check End
2026-03-01 10:50:49 [INFO] Check: Lokal=03.01.2026 10:48:30 | NAS=03.01.2026 10:48:30
2026-03-01 10:50:49 [INFO] Check Backups (BISYNC)
2026-03-01 10:50:54 [INFO] Check End
2026-03-01 10:50:54 [INFO] Check: Lokal=03.01.2026 10:48:30 | NAS=03.01.2026 10:48:30
2026-03-01 10:50:54 [INFO] Check Backups (BISYNC)
2026-03-01 10:50:59 [INFO] Check End
2026-03-01 10:51:00 [INFO] Check: Lokal=03.01.2026 10:48:30 | NAS=03.01.2026 10:48:30
2026-03-01 10:51:00 [INFO] Check Backups (BISYNC)
2026-03-01 10:51:11 [INFO] rclone: 2026/03/01 10:51:09 INFO  : Backups/Lightroom-Katalog-v15.zip: Multi-thread Copied (new)
2026-03-01 10:51:11 [INFO] rclone: Transferred:   	    2.244 GiB / 2.244 GiB, 100%, 275.859 MiB/s, ETA 0s
2026-03-01 10:51:11 [INFO] rclone: Transferred:            1 / 1, 100%
2026-03-01 10:51:11 [INFO] rclone: Elapsed time:        10.9s
2026-03-01 10:51:11 [INFO] Check End
2026-03-01 10:51:13 [INFO] Check: Lokal=03.01.2026 10:48:30 | NAS=03.01.2026 10:48:30
2026-03-01 10:51:13 [INFO] Check Backups (BISYNC)
2026-03-01 10:51:18 [INFO] Check End
2026-03-01 10:51:18 [INFO] Check: Lokal=03.01.2026 10:48:30 | NAS=03.01.2026 10:48:30
2026-03-01 10:51:18 [INFO] Check Backups (BISYNC)
2026-03-01 10:51:23 [INFO] Check End
2026-03-01 10:51:24 [INFO] Check: Lokal=03.01.2026 10:48:30 | NAS=03.01.2026 10:48:30
2026-03-01 10:51:24 [INFO] Check Backups (BISYNC)
2026-03-01 10:51:29 [INFO] Check End
2026-03-01 10:51:30 [INFO] Check: Lokal=03.01.2026 10:48:30 | NAS=03.01.2026 10:48:30
2026-03-01 10:51:30 [INFO] Check Backups (BISYNC)
2026-03-01 10:51:35 [INFO] Check End
2026-03-01 10:51:36 [INFO] Check: Lokal=03.01.2026 10:48:30 | NAS=03.01.2026 10:48:30
2026-03-01 10:51:36 [INFO] Check Backups (BISYNC)
2026-03-01 10:51:41 [INFO] Check End
2026-03-01 10:51:41 [INFO] Check: Lokal=03.01.2026 10:48:30 | NAS=03.01.2026 10:48:30
2026-03-01 10:51:41 [INFO] Check Backups (BISYNC)
2026-03-01 10:51:46 [INFO] Check End
2026-03-01 10:51:47 [INFO] Check: Lokal=03.01.2026 10:48:30 | NAS=03.01.2026 10:48:30
2026-03-01 10:51:47 [INFO] Check Backups (BISYNC)
2026-03-01 10:51:52 [INFO] Check End
2026-03-01 10:51:53 [INFO] Check: Lokal=03.01.2026 10:48:30 | NAS=03.01.2026 10:48:30
2026-03-01 10:51:53 [INFO] Check Backups (BISYNC)
2026-03-01 10:51:58 [INFO] Check End
2026-03-01 10:51:59 [INFO] Check: Lokal=03.01.2026 10:48:30 | NAS=03.01.2026 10:48:30
2026-03-01 10:51:59 [INFO] Check Backups (BISYNC)
2026-03-01 10:52:04 [INFO] Check End
2026-03-01 10:52:05 [INFO] Check: Lokal=03.01.2026 10:48:30 | NAS=03.01.2026 10:48:30
2026-03-01 10:52:05 [INFO] Check Backups (BISYNC)
2026-03-01 10:52:10 [INFO] Check End
2026-03-01 10:52:11 [INFO] Check: Lokal=03.01.2026 10:48:30 | NAS=03.01.2026 10:48:30
2026-03-01 10:52:11 [INFO] Check Backups (BISYNC)
2026-03-01 10:52:16 [INFO] Check End
2026-03-01 10:52:17 [INFO] Check: Lokal=03.01.2026 10:48:30 | NAS=03.01.2026 10:48:30
2026-03-01 10:52:17 [INFO] Check Backups (BISYNC)
2026-03-01 10:52:22 [INFO] Check End
2026-03-01 10:52:23 [INFO] Check: Lokal=03.01.2026 10:48:30 | NAS=03.01.2026 10:48:30
2026-03-01 10:52:23 [INFO] Check Backups (BISYNC)
2026-03-01 10:52:28 [INFO] Check End
2026-03-01 10:52:29 [INFO] Check: Lokal=03.01.2026 10:48:30 | NAS=03.01.2026 10:48:30
2026-03-01 10:52:29 [INFO] Check Backups (BISYNC)
2026-03-01 10:52:32 [INFO] === Lightroom Watcher gestartet ===
2026-03-01 10:52:33 [INFO] Check: Lokal=03.01.2026 10:48:30 | NAS=03.01.2026 10:48:30
2026-03-01 10:52:33 [INFO] Check Backups (BISYNC)
2026-03-01 10:52:33 [INFO] Check End
2026-03-01 10:52:37 [INFO] Check: Lokal=03.01.2026 10:48:30 | NAS=03.01.2026 10:48:30
2026-03-01 10:52:37 [INFO] Check Backups (BISYNC)
2026-03-01 10:52:42 [INFO] rclone: Elapsed time:         0.0s
2026-03-01 10:52:42 [INFO] rclone: Elapsed time:         5.4s
2026-03-01 10:52:42 [INFO] rclone: Elapsed time:         4.7s
2026-03-01 10:52:42 [INFO] Check End
2026-03-01 10:52:43 [INFO] Check: Lokal=03.01.2026 10:48:30 | NAS=03.01.2026 10:48:30
2026-03-01 10:52:43 [INFO] Check Backups (BISYNC)
2026-03-01 10:52:48 [INFO] rclone: Elapsed time:         4.9s
2026-03-01 10:52:48 [INFO] Check End
2026-03-01 10:52:49 [INFO] Check: Lokal=03.01.2026 10:48:30 | NAS=03.01.2026 10:48:30
2026-03-01 10:52:49 [INFO] Check Backups (BISYNC)
2026-03-01 10:52:54 [INFO] rclone: Elapsed time:         4.8s
2026-03-01 10:52:54 [INFO] Check End
2026-03-01 10:52:55 [INFO] Check: Lokal=03.01.2026 10:48:30 | NAS=03.01.2026 10:48:30
2026-03-01 10:52:55 [INFO] Check Backups (BISYNC)
2026-03-01 10:53:00 [INFO] rclone: Elapsed time:         5.0s
2026-03-01 10:53:00 [INFO] Check End
2026-03-01 10:53:01 [INFO] Check: Lokal=03.01.2026 10:48:30 | NAS=03.01.2026 10:48:30
2026-03-01 10:53:01 [INFO] Check Backups (BISYNC)
2026-03-01 10:53:06 [INFO] rclone: Elapsed time:         4.5s
2026-03-01 10:53:06 [INFO] Check End
2026-03-01 10:53:06 [INFO] Check: Lokal=03.01.2026 10:48:30 | NAS=03.01.2026 10:48:30
2026-03-01 10:53:06 [INFO] Check Backups (BISYNC)
2026-03-01 10:53:11 [INFO] rclone: Elapsed time:         4.6s
2026-03-01 10:53:11 [INFO] Check End
2026-03-01 10:53:12 [INFO] Check: Lokal=03.01.2026 10:48:30 | NAS=03.01.2026 10:48:30
2026-03-01 10:53:12 [INFO] Check Backups (BISYNC)
2026-03-01 10:53:17 [INFO] rclone: Elapsed time:         4.6s
2026-03-01 10:53:17 [INFO] Check End
2026-03-01 10:53:18 [INFO] Check: Lokal=03.01.2026 10:48:30 | NAS=03.01.2026 10:48:30
2026-03-01 10:53:18 [INFO] Check Backups (BISYNC)
2026-03-01 10:53:29 [INFO] rclone: 2026/03/01 10:53:26 INFO  : Backups/Lightroom-Katalog-v15.zip: Multi-thread Copied (new)
2026-03-01 10:53:29 [INFO] rclone: Transferred:   	    2.245 GiB / 2.245 GiB, 100%, 278.031 MiB/s, ETA 0s
2026-03-01 10:53:29 [INFO] rclone: Transferred:            1 / 1, 100%
2026-03-01 10:53:29 [INFO] rclone: Elapsed time:        10.9s
2026-03-01 10:53:29 [INFO] Check End
2026-03-01 10:53:30 [INFO] Check: Lokal=03.01.2026 10:48:30 | NAS=03.01.2026 10:48:30
2026-03-01 10:53:30 [INFO] Check Backups (BISYNC)
2026-03-01 10:53:35 [INFO] rclone: Elapsed time:         4.9s
2026-03-01 10:53:35 [INFO] Check End
2026-03-01 10:53:35 [INFO] Check: Lokal=03.01.2026 10:48:30 | NAS=03.01.2026 10:48:30
2026-03-01 10:53:35 [INFO] Check Backups (BISYNC)
2026-03-01 10:53:40 [INFO] rclone: 2026/03/01 10:53:38 INFO  : Backups/Lightroom-Katalog-v15.zip: Deleted
2026-03-01 10:53:40 [INFO] rclone: Deleted:                1 (files), 0 (dirs), 2.245 GiB (freed)
2026-03-01 10:53:40 [INFO] rclone: Elapsed time:         4.8s
2026-03-01 10:53:40 [INFO] Check End
2026-03-01 10:53:41 [INFO] Check: Lokal=03.01.2026 10:48:30 | NAS=03.01.2026 10:48:30
2026-03-01 10:53:41 [INFO] Check Backups (BISYNC)
2026-03-01 10:53:46 [INFO] rclone: Elapsed time:         4.6s
2026-03-01 10:53:46 [INFO] Check End
2026-03-01 10:53:47 [INFO] Check: Lokal=03.01.2026 10:48:30 | NAS=03.01.2026 10:48:30
2026-03-01 10:53:47 [INFO] Check Backups (BISYNC)
2026-03-01 10:53:52 [INFO] rclone: Elapsed time:         4.9s
2026-03-01 10:53:52 [INFO] Check End
2026-03-01 10:53:53 [INFO] Check: Lokal=03.01.2026 10:48:30 | NAS=03.01.2026 10:48:30
2026-03-01 10:53:53 [INFO] Check Backups (BISYNC)
2026-03-01 10:53:58 [INFO] rclone: Elapsed time:         4.5s
2026-03-01 10:53:58 [INFO] Check End
2026-03-01 10:53:58 [INFO] Check: Lokal=03.01.2026 10:48:30 | NAS=03.01.2026 10:48:30
2026-03-01 10:53:58 [INFO] Check Backups (BISYNC)
2026-03-01 10:54:03 [INFO] rclone: Elapsed time:         4.6s
2026-03-01 10:54:03 [INFO] Check End
2026-03-01 10:54:04 [INFO] Check: Lokal=03.01.2026 10:48:30 | NAS=03.01.2026 10:48:30
2026-03-01 10:54:04 [INFO] Check Backups (BISYNC)
2026-03-01 10:54:09 [INFO] rclone: Elapsed time:         4.7s
2026-03-01 10:54:09 [INFO] Check End
2026-03-01 10:54:10 [INFO] Check: Lokal=03.01.2026 10:48:30 | NAS=03.01.2026 10:48:30
2026-03-01 10:54:10 [INFO] Check Backups (BISYNC)
2026-03-01 10:54:14 [INFO] rclone: Elapsed time:         4.5s
2026-03-01 10:54:14 [INFO] Check End
2026-03-01 10:54:15 [INFO] Check: Lokal=03.01.2026 10:48:30 | NAS=03.01.2026 10:48:30
2026-03-01 10:54:15 [INFO] Check Backups (BISYNC)
2026-03-01 10:54:20 [INFO] rclone: Elapsed time:         4.6s
2026-03-01 10:54:20 [INFO] Check End
2026-03-01 10:54:21 [INFO] Check: Lokal=03.01.2026 10:48:30 | NAS=03.01.2026 10:48:30
2026-03-01 10:54:21 [INFO] Check Backups (BISYNC)
2026-03-01 10:54:26 [INFO] rclone: Elapsed time:         4.9s
2026-03-01 10:54:26 [INFO] Check End
2026-03-01 10:54:27 [INFO] Check: Lokal=03.01.2026 10:48:30 | NAS=03.01.2026 10:48:30
2026-03-01 10:54:27 [INFO] Check Backups (BISYNC)
2026-03-01 10:54:32 [INFO] rclone: Elapsed time:         4.9s
2026-03-01 10:54:32 [INFO] Check End
2026-03-01 10:54:33 [INFO] Check: Lokal=03.01.2026 10:48:30 | NAS=03.01.2026 10:48:30
2026-03-01 10:54:33 [INFO] Check Backups (BISYNC)
2026-03-01 10:54:38 [INFO] rclone: Elapsed time:         4.8s
2026-03-01 10:54:38 [INFO] Check End
2026-03-01 10:54:38 [INFO] Check: Lokal=03.01.2026 10:48:30 | NAS=03.01.2026 10:48:30
2026-03-01 10:54:38 [INFO] Check Backups (BISYNC)
2026-03-01 10:54:44 [INFO] rclone: Elapsed time:         4.9s
2026-03-01 10:54:44 [INFO] Check End
2026-03-01 10:54:44 [INFO] Check: Lokal=03.01.2026 10:48:30 | NAS=03.01.2026 10:48:30
2026-03-01 10:54:44 [INFO] Check Backups (BISYNC)
2026-03-01 10:54:50 [INFO] rclone: Elapsed time:         5.0s
2026-03-01 10:54:50 [INFO] Check End
2026-03-01 10:54:50 [INFO] Check: Lokal=03.01.2026 10:48:30 | NAS=03.01.2026 10:48:30
2026-03-01 10:54:50 [INFO] Check Backups (BISYNC)
2026-03-01 10:54:55 [INFO] rclone: Elapsed time:         4.8s
2026-03-01 10:54:55 [INFO] Check End
2026-03-01 10:54:56 [INFO] Check: Lokal=03.01.2026 10:48:30 | NAS=03.01.2026 10:48:30
2026-03-01 10:54:56 [INFO] Check Backups (BISYNC)
2026-03-01 10:55:01 [INFO] rclone: Elapsed time:         4.9s
2026-03-01 10:55:01 [INFO] Check End
2026-03-01 10:55:02 [INFO] Check: Lokal=03.01.2026 10:48:30 | NAS=03.01.2026 10:48:30
2026-03-01 10:55:02 [INFO] Check Backups (BISYNC)
2026-03-01 10:55:07 [INFO] rclone: Elapsed time:         4.8s
2026-03-01 10:55:07 [INFO] Check End
2026-03-01 10:55:08 [INFO] Check: Lokal=03.01.2026 10:48:30 | NAS=03.01.2026 10:48:30
2026-03-01 10:55:08 [INFO] Check Backups (BISYNC)
2026-03-01 10:55:13 [INFO] rclone: Elapsed time:         4.9s
2026-03-01 10:55:13 [INFO] Check End
2026-03-01 10:55:14 [INFO] Check: Lokal=03.01.2026 10:48:30 | NAS=03.01.2026 10:48:30
2026-03-01 10:55:14 [INFO] Check Backups (BISYNC)
2026-03-01 10:55:19 [INFO] rclone: Elapsed time:         4.8s
2026-03-01 10:55:19 [INFO] Check End
2026-03-01 10:55:20 [INFO] Check: Lokal=03.01.2026 10:48:30 | NAS=03.01.2026 10:48:30
2026-03-01 10:55:20 [INFO] Check Backups (BISYNC)
2026-03-01 10:55:25 [INFO] rclone: Elapsed time:         4.7s
2026-03-01 10:55:25 [INFO] Check End
2026-03-01 10:55:25 [INFO] Check: Lokal=03.01.2026 10:48:30 | NAS=03.01.2026 10:48:30
2026-03-01 10:55:25 [INFO] Check Backups (BISYNC)
2026-03-01 10:55:31 [INFO] rclone: Elapsed time:         4.9s
2026-03-01 10:55:31 [INFO] Check End
2026-03-01 10:55:31 [INFO] Check: Lokal=03.01.2026 10:48:30 | NAS=03.01.2026 10:48:30
2026-03-01 10:55:31 [INFO] Check Backups (BISYNC)
2026-03-01 10:55:36 [INFO] rclone: Elapsed time:         4.6s
2026-03-01 10:55:36 [INFO] Check End
2026-03-01 10:55:37 [INFO] Check: Lokal=03.01.2026 10:48:30 | NAS=03.01.2026 10:48:30
2026-03-01 10:55:37 [INFO] Check Backups (BISYNC)
2026-03-01 10:55:42 [INFO] rclone: Elapsed time:         4.6s
2026-03-01 10:55:42 [INFO] Check End
2026-03-01 10:55:43 [INFO] Check: Lokal=03.01.2026 10:48:30 | NAS=03.01.2026 10:48:30
2026-03-01 10:55:43 [INFO] Check Backups (BISYNC)
2026-03-01 10:55:48 [INFO] rclone: Elapsed time:         4.7s
2026-03-01 10:55:48 [INFO] Check End
2026-03-01 10:55:48 [INFO] Check: Lokal=03.01.2026 10:48:30 | NAS=03.01.2026 10:48:30
2026-03-01 10:55:48 [INFO] Check Backups (BISYNC)
2026-03-01 10:55:53 [INFO] rclone: Elapsed time:         4.7s
2026-03-01 10:55:53 [INFO] Check End
2026-03-01 10:55:54 [INFO] Check: Lokal=03.01.2026 10:48:30 | NAS=03.01.2026 10:48:30
2026-03-01 10:55:54 [INFO] Check Backups (BISYNC)
2026-03-01 10:55:59 [INFO] rclone: Elapsed time:         4.6s
2026-03-01 10:55:59 [INFO] Check End
2026-03-01 10:56:00 [INFO] Check: Lokal=03.01.2026 10:48:30 | NAS=03.01.2026 10:48:30
2026-03-01 10:56:00 [INFO] Check Backups (BISYNC)
2026-03-01 10:56:05 [INFO] rclone: Elapsed time:         4.9s
2026-03-01 10:56:05 [INFO] Check End
2026-03-01 10:56:06 [INFO] Check: Lokal=03.01.2026 10:48:30 | NAS=03.01.2026 10:48:30
2026-03-01 10:56:06 [INFO] Check Backups (BISYNC)
2026-03-01 10:56:11 [INFO] rclone: Elapsed time:         4.9s
2026-03-01 10:56:11 [INFO] Check End
2026-03-01 10:56:12 [INFO] Check: Lokal=03.01.2026 10:48:30 | NAS=03.01.2026 10:48:30
2026-03-01 10:56:12 [INFO] Check Backups (BISYNC)
2026-03-01 10:56:17 [INFO] rclone: Elapsed time:         4.8s
2026-03-01 10:56:17 [INFO] Check End
2026-03-01 10:56:17 [INFO] Check: Lokal=03.01.2026 10:48:30 | NAS=03.01.2026 10:48:30
2026-03-01 10:56:17 [INFO] Check Backups (BISYNC)
2026-03-01 16:53:27 [INFO] === Lightroom Watcher gestartet ===
2026-03-01 16:53:28 [INFO] Check: Lokal=03.01.2026 10:48:30 | NAS=03.01.2026 10:48:30
2026-03-01 16:53:28 [INFO] Check Backups (BISYNC)
2026-03-01 16:53:34 [INFO] rclone: Elapsed time:         4.9s
2026-03-01 16:53:34 [INFO] rclone: Elapsed time:         5.0s
2026-03-01 16:53:34 [INFO] Check End
2026-03-01 16:53:34 [INFO] Check: Lokal=03.01.2026 10:48:30 | NAS=03.01.2026 10:48:30
2026-03-01 16:53:35 [INFO] Check Backups (BISYNC)
2026-03-01 16:53:40 [INFO] rclone: Elapsed time:         4.9s
2026-03-01 16:53:40 [INFO] Check End
2026-03-01 16:54:49 [INFO] === Lightroom Watcher gestartet ===
2026-03-01 16:54:50 [INFO] Check: Lokal=03.01.2026 10:48:30 | NAS=03.01.2026 10:48:30
2026-03-01 16:54:50 [INFO] Check Backups (BISYNC)
2026-03-01 16:54:55 [INFO] rclone: Elapsed time:         4.8s
2026-03-01 16:54:55 [INFO] Check End
2026-03-01 16:54:56 [INFO] Check: Lokal=03.01.2026 10:48:30 | NAS=03.01.2026 10:48:30
2026-03-01 16:54:56 [INFO] Check Backups (BISYNC)
2026-03-01 17:38:46 [INFO] === Lightroom Watcher gestartet ===
2026-03-01 17:38:47 [INFO] Check: Lokal=03.01.2026 10:48:30 | NAS=03.01.2026 10:48:30
2026-03-01 17:38:47 [INFO] Check Backups (BISYNC)
2026-03-01 17:38:53 [INFO] rclone: Elapsed time:         4.8s
2026-03-01 17:38:53 [INFO] rclone: Elapsed time:         5.1s
2026-03-01 17:38:53 [INFO] Check End
2026-03-01 17:38:53 [INFO] Check: Lokal=03.01.2026 10:48:30 | NAS=03.01.2026 10:48:30
2026-03-01 17:38:53 [INFO] Check Backups (BISYNC)
2026-03-01 17:38:59 [INFO] rclone: Elapsed time:         5.2s
2026-03-01 17:38:59 [INFO] Check End
2026-03-01 17:39:00 [INFO] Check: Lokal=03.01.2026 10:48:30 | NAS=03.01.2026 10:48:30
2026-03-01 17:39:00 [INFO] Check Backups (BISYNC)
2026-03-01 17:39:38 [INFO] === Lightroom Watcher gestartet ===
2026-03-01 17:39:40 [INFO] Check: Lokal=03.01.2026 10:48:30 | NAS=03.01.2026 10:48:30
2026-03-01 17:39:40 [INFO] Check Backups (BISYNC)
2026-03-01 17:39:45 [INFO] rclone: Elapsed time:         5.2s
2026-03-01 17:39:45 [INFO] rclone: Elapsed time:         5.0s
2026-03-01 17:39:45 [INFO] Check End
2026-03-01 17:39:46 [INFO] Check: Lokal=03.01.2026 10:48:30 | NAS=03.01.2026 10:48:30
2026-03-01 17:39:46 [INFO] Check Backups (BISYNC)
2026-03-01 17:39:51 [INFO] rclone: Elapsed time:         5.1s
2026-03-01 17:39:51 [INFO] Check End
2026-03-01 17:39:52 [INFO] Check: Lokal=03.01.2026 10:48:30 | NAS=03.01.2026 10:48:30
2026-03-01 17:39:52 [INFO] Check Backups (BISYNC)
2026-03-01 17:39:57 [INFO] rclone: Elapsed time:         5.3s
2026-03-01 17:39:57 [INFO] Check End
2026-03-01 17:39:58 [INFO] Check: Lokal=03.01.2026 10:48:30 | NAS=03.01.2026 10:48:30
2026-03-01 17:39:58 [INFO] Check Backups (BISYNC)
2026-03-01 17:58:06 [INFO] === Lightroom Watcher gestartet ===
2026-03-01 17:58:07 [INFO] Check: Lokal=03.01.2026 10:48:30 | NAS=03.01.2026 10:48:30
2026-03-01 17:58:07 [INFO] Check Backups (BISYNC)
2026-03-01 17:58:12 [INFO] rclone: Elapsed time:         5.1s
2026-03-01 17:58:13 [INFO] rclone: Elapsed time:         5.0s
2026-03-01 17:58:13 [INFO] Check End
2026-03-01 17:58:13 [INFO] Check: Lokal=03.01.2026 10:48:30 | NAS=03.01.2026 10:48:30
2026-03-01 17:58:13 [INFO] Check Backups (BISYNC)
2026-03-01 17:58:19 [INFO] rclone: Elapsed time:         5.1s
2026-03-01 17:58:19 [INFO] Check End
2026-03-01 17:58:19 [INFO] Check: Lokal=03.01.2026 10:48:30 | NAS=03.01.2026 10:48:30
2026-03-01 17:58:19 [INFO] Check Backups (BISYNC)
2026-03-01 17:58:25 [INFO] rclone: Elapsed time:         5.2s
2026-03-01 17:58:25 [INFO] Check End
2026-03-01 17:58:26 [INFO] Check: Lokal=03.01.2026 10:48:30 | NAS=03.01.2026 10:48:30
2026-03-01 17:58:26 [INFO] Check Backups (BISYNC)
2026-03-01 21:46:20 [INFO] === Lightroom Watcher gestartet ===
2026-03-01 21:46:21 [INFO] Check: Lokal=03.01.2026 10:48:30 | NAS=03.01.2026 10:48:30
2026-03-01 21:46:21 [INFO] Check Backups (BISYNC)
2026-03-01 21:46:27 [INFO] rclone: Elapsed time:         5.0s
2026-03-01 21:46:27 [INFO] rclone: Elapsed time:         5.1s
2026-03-01 21:46:27 [INFO] Check End
2026-03-01 21:46:28 [INFO] Check: Lokal=03.01.2026 10:48:30 | NAS=03.01.2026 10:48:30
2026-03-01 21:46:28 [INFO] Check Backups (BISYNC)
2026-03-01 21:46:33 [INFO] rclone: Elapsed time:         5.0s
2026-03-01 21:46:33 [INFO] Check End
2026-03-01 21:46:34 [INFO] Check: Lokal=03.01.2026 10:48:30 | NAS=03.01.2026 10:48:30
2026-03-01 21:46:34 [INFO] Check Backups (BISYNC)
2026-03-01 21:46:39 [INFO] rclone: Elapsed time:         4.9s
2026-03-01 21:46:39 [INFO] Check End
2026-03-01 21:46:40 [INFO] Check: Lokal=03.01.2026 10:48:30 | NAS=03.01.2026 10:48:30
2026-03-01 21:46:40 [INFO] Check Backups (BISYNC)
2026-03-01 21:46:45 [INFO] rclone: Elapsed time:         5.5s
2026-03-01 21:46:45 [INFO] Check End
2026-03-01 21:46:46 [INFO] Check: Lokal=03.01.2026 10:48:30 | NAS=03.01.2026 10:48:30
2026-03-01 21:46:46 [INFO] Check Backups (BISYNC)
2026-03-01 21:46:51 [INFO] rclone: Elapsed time:         5.1s
2026-03-01 21:46:51 [INFO] Check End
2026-03-01 21:46:52 [INFO] Check: Lokal=03.01.2026 10:48:30 | NAS=03.01.2026 10:48:30
2026-03-01 21:46:52 [INFO] Check Backups (BISYNC)
2026-03-01 21:47:03 [INFO] rclone: 2026/03/01 21:47:01 INFO  : Backups/Lightroom-Katalog-v15.zip: Multi-thread Copied (new)
2026-03-01 21:47:03 [INFO] rclone: Transferred:   	    2.250 GiB / 2.250 GiB, 100%, 268.641 MiB/s, ETA 0s
2026-03-01 21:47:03 [INFO] rclone: Transferred:            1 / 1, 100%
2026-03-01 21:47:03 [INFO] rclone: Elapsed time:        11.0s
2026-03-01 21:47:03 [INFO] Check End
2026-03-01 21:47:04 [INFO] Check: Lokal=03.01.2026 10:48:30 | NAS=03.01.2026 10:48:30
2026-03-01 21:47:04 [INFO] Check Backups (BISYNC)
2026-03-01 21:47:10 [INFO] rclone: Elapsed time:         5.2s
2026-03-01 21:47:10 [INFO] Check End
2026-03-01 21:47:11 [INFO] Check: Lokal=03.01.2026 10:48:30 | NAS=03.01.2026 10:48:30
2026-03-01 21:47:11 [INFO] Check Backups (BISYNC)
2026-03-01 21:47:16 [INFO] rclone: Elapsed time:         5.4s
2026-03-01 21:47:16 [INFO] Check End
2026-03-01 21:47:17 [INFO] Check: Lokal=03.01.2026 10:48:30 | NAS=03.01.2026 10:48:30
2026-03-01 21:47:17 [INFO] Check Backups (BISYNC)
2026-03-01 21:47:23 [INFO] rclone: 2026/03/01 21:47:20 INFO  : Backups/Lightroom-Katalog-v15.zip: Deleted
2026-03-01 21:47:23 [INFO] rclone: Deleted:                1 (files), 0 (dirs), 2.250 GiB (freed)
2026-03-01 21:47:23 [INFO] rclone: Elapsed time:         5.3s
2026-03-01 21:47:23 [INFO] Check End
2026-03-01 21:47:23 [INFO] Check: Lokal=03.01.2026 10:48:30 | NAS=03.01.2026 10:48:30
2026-03-01 21:47:23 [INFO] Check Backups (BISYNC)
2026-03-01 21:56:09 [INFO] === Lightroom Watcher gestartet ===
2026-03-01 21:56:10 [INFO] Check: Lokal=03.01.2026 10:48:30 | NAS=03.01.2026 10:48:30
2026-03-01 21:56:10 [INFO] Check Backups (BISYNC)
2026-03-01 21:56:10 [INFO] rclone: Elapsed time:         4.8s
2026-03-01 21:56:10 [INFO] Check End
2026-03-01 21:56:15 [INFO] Check: Lokal=03.01.2026 10:48:30 | NAS=03.01.2026 10:48:30
2026-03-01 21:56:15 [INFO] Check Backups (BISYNC)
2026-03-01 21:56:15 [INFO] Check End
2026-03-01 21:56:20 [INFO] Check: Lokal=03.01.2026 10:48:30 | NAS=03.01.2026 10:48:30
2026-03-01 21:56:20 [INFO] Check Backups (BISYNC)
2026-03-01 21:56:20 [INFO] Check End
2026-03-01 21:56:25 [INFO] Check: Lokal=03.01.2026 10:48:30 | NAS=03.01.2026 10:48:30
2026-03-01 21:56:25 [INFO] Check Backups (BISYNC)
2026-03-01 21:56:25 [INFO] Check End
2026-03-01 21:56:30 [INFO] Check: Lokal=03.01.2026 10:48:30 | NAS=03.01.2026 10:48:30
2026-03-01 21:56:30 [INFO] Check Backups (BISYNC)
2026-03-01 21:56:30 [INFO] Check End
2026-03-01 21:56:35 [INFO] Check: Lokal=03.01.2026 10:48:30 | NAS=03.01.2026 10:48:30
2026-03-01 21:56:35 [INFO] Check Backups (BISYNC)
2026-03-01 21:56:35 [INFO] Check End
2026-03-01 21:56:40 [INFO] Check: Lokal=03.01.2026 10:48:30 | NAS=03.01.2026 10:48:30
2026-03-01 21:56:40 [INFO] Check Backups (BISYNC)
2026-03-01 21:56:40 [INFO] Check End
2026-03-01 21:56:45 [INFO] Check: Lokal=03.01.2026 10:48:30 | NAS=03.01.2026 10:48:30
2026-03-01 21:56:45 [INFO] Check Backups (BISYNC)
2026-03-01 21:56:45 [INFO] Check End
2026-03-01 21:56:50 [INFO] Check: Lokal=03.01.2026 10:48:30 | NAS=03.01.2026 10:48:30
2026-03-01 21:56:50 [INFO] Check Backups (BISYNC)
2026-03-01 21:56:50 [INFO] Check End
2026-03-01 21:56:55 [INFO] Check: Lokal=03.01.2026 10:48:30 | NAS=03.01.2026 10:48:30
2026-03-01 21:56:55 [INFO] Check Backups (BISYNC)
2026-03-01 21:56:55 [INFO] Check End
2026-03-01 21:57:00 [INFO] Check: Lokal=03.01.2026 10:48:30 | NAS=03.01.2026 10:48:30
2026-03-01 21:57:00 [INFO] Check Backups (BISYNC)
2026-03-01 21:57:00 [INFO] Check End
2026-03-01 21:57:05 [INFO] Check: Lokal=03.01.2026 10:48:30 | NAS=03.01.2026 10:48:30
2026-03-01 21:57:05 [INFO] Check Backups (BISYNC)
2026-03-01 21:57:05 [INFO] Check End
2026-03-01 21:57:10 [INFO] Check: Lokal=03.01.2026 10:48:30 | NAS=03.01.2026 10:48:30
2026-03-01 21:57:10 [INFO] Check Backups (BISYNC)
2026-03-01 21:57:10 [INFO] Check End
2026-03-01 21:57:15 [INFO] Check: Lokal=03.01.2026 10:48:30 | NAS=03.01.2026 10:48:30
2026-03-01 21:57:15 [INFO] Check Backups (BISYNC)
2026-03-01 21:57:15 [INFO] Check End
2026-03-01 21:57:20 [INFO] Check: Lokal=03.01.2026 10:48:30 | NAS=03.01.2026 10:48:30
2026-03-01 21:57:20 [INFO] Check Backups (BISYNC)
2026-03-01 21:57:20 [INFO] Check End
2026-03-01 21:57:25 [INFO] Check: Lokal=03.01.2026 10:48:30 | NAS=03.01.2026 10:48:30
2026-03-01 21:57:25 [INFO] Check Backups (BISYNC)
2026-03-01 21:57:25 [INFO] Check End
2026-03-01 21:57:30 [INFO] Check: Lokal=03.01.2026 10:48:30 | NAS=03.01.2026 10:48:30
2026-03-01 21:57:30 [INFO] Check Backups (BISYNC)
2026-03-01 21:57:30 [INFO] Check End
2026-03-01 21:57:40 [INFO] === Lightroom Watcher gestartet ===
2026-03-01 21:57:41 [INFO] Check: Lokal=03.01.2026 10:48:30 | NAS=03.01.2026 10:48:30
2026-03-01 21:57:41 [INFO] Check Backups (BISYNC)
2026-03-01 22:01:36 [INFO] === Lightroom Watcher gestartet ===
2026-03-01 22:01:37 [INFO] Check: Lokal=03.01.2026 10:48:30 | NAS=03.01.2026 10:48:30
2026-03-01 22:01:37 [INFO] Check Backups (BISYNC)
2026-03-01 22:01:48 [INFO] rclone: 2026/03/01 22:01:46 INFO  : Backups/Lightroom-Katalog-v15.zip: Multi-thread Copied (new)
2026-03-01 22:01:48 [INFO] rclone: Transferred:   	    2.250 GiB / 2.250 GiB, 100%, 278.734 MiB/s, ETA 0s
2026-03-01 22:01:48 [INFO] rclone: Transferred:            1 / 1, 100%
2026-03-01 22:01:48 [INFO] rclone: Elapsed time:        10.6s
2026-03-01 22:01:48 [INFO] Check End
2026-03-01 22:01:49 [INFO] Check: Lokal=03.01.2026 10:48:30 | NAS=03.01.2026 10:48:30
2026-03-01 22:01:49 [INFO] Check Backups (BISYNC)
2026-03-01 22:03:27 [INFO] === Lightroom Watcher gestartet ===
2026-03-01 22:03:28 [INFO] Check: Lokal=03.01.2026 10:48:30 | NAS=03.01.2026 10:48:30
2026-03-01 22:03:28 [INFO] Check Backups (BISYNC)
2026-03-01 22:03:33 [INFO] rclone: Elapsed time:         4.6s
2026-03-01 22:03:33 [INFO] Check End
2026-03-01 22:03:41 [INFO] === Lightroom Watcher gestartet ===
2026-03-01 22:03:42 [INFO] Check: Lokal=03.01.2026 10:48:30 | NAS=03.01.2026 10:48:30
2026-03-01 22:03:42 [INFO] Check Backups (BISYNC)
2026-03-01 22:03:47 [INFO] rclone: Elapsed time:         4.8s
2026-03-01 22:03:47 [INFO] Check End
2026-03-01 22:03:54 [INFO] === Lightroom Watcher gestartet ===
2026-03-01 22:03:55 [INFO] Check: Lokal=03.01.2026 10:48:30 | NAS=03.01.2026 10:48:30
2026-03-01 22:03:55 [INFO] Check Backups (BISYNC)
2026-03-01 22:04:00 [INFO] rclone: Elapsed time:         4.6s
2026-03-01 22:04:00 [INFO] Check End
2026-03-01 22:04:01 [INFO] Check: Lokal=03.01.2026 10:48:30 | NAS=03.01.2026 10:48:30
2026-03-01 22:04:01 [INFO] Check Backups (BISYNC)
2026-03-01 22:04:06 [INFO] rclone: Elapsed time:         4.6s
2026-03-01 22:04:06 [INFO] Check End
2026-03-01 22:08:02 [INFO] === Lightroom Watcher gestartet ===
2026-03-01 22:08:04 [INFO] Check: Lokal=03.01.2026 10:48:30 | NAS=03.01.2026 10:48:30
2026-03-01 22:08:04 [INFO] Check Backups (BISYNC)
2026-03-01 22:08:09 [INFO] rclone: Elapsed time:         4.6s
2026-03-01 22:08:09 [INFO] Check End
2026-03-01 22:08:09 [INFO] Check: Lokal=03.01.2026 10:48:30 | NAS=03.01.2026 10:48:30
2026-03-01 22:08:09 [INFO] Check Backups (BISYNC)
2026-03-01 22:08:14 [INFO] rclone: Elapsed time:         4.6s
2026-03-01 22:08:14 [INFO] Check End
2026-03-01 22:08:15 [INFO] Check: Lokal=03.01.2026 10:48:30 | NAS=03.01.2026 10:48:30
2026-03-01 22:08:15 [INFO] Check Backups (BISYNC)
2026-03-01 22:08:20 [INFO] rclone: Elapsed time:         4.6s
2026-03-01 22:08:20 [INFO] Check End
2026-03-01 22:08:21 [INFO] Check: Lokal=03.01.2026 10:48:30 | NAS=03.01.2026 10:48:30
2026-03-01 22:08:21 [INFO] Check Backups (BISYNC)
2026-03-01 22:08:25 [INFO] rclone: Elapsed time:         4.6s
2026-03-01 22:08:26 [INFO] Check End
2026-03-01 22:08:26 [INFO] Check: Lokal=03.01.2026 10:48:30 | NAS=03.01.2026 10:48:30
2026-03-01 22:08:26 [INFO] Check Backups (BISYNC)
2026-03-01 22:08:31 [INFO] rclone: Elapsed time:         4.6s
2026-03-01 22:08:31 [INFO] Check End
2026-03-01 22:08:32 [INFO] Check: Lokal=03.01.2026 10:48:30 | NAS=03.01.2026 10:48:30
2026-03-01 22:08:32 [INFO] Check Backups (BISYNC)
2026-03-01 22:08:37 [INFO] rclone: Elapsed time:         4.6s
2026-03-01 22:08:37 [INFO] Check End
2026-03-01 22:08:38 [INFO] Check: Lokal=03.01.2026 10:48:30 | NAS=03.01.2026 10:48:30
2026-03-01 22:08:38 [INFO] Check Backups (BISYNC)
2026-03-01 22:08:43 [INFO] rclone: Elapsed time:         4.9s
2026-03-01 22:08:43 [INFO] Check End
2026-03-01 22:08:44 [INFO] Check: Lokal=03.01.2026 10:48:30 | NAS=03.01.2026 10:48:30
2026-03-01 22:08:44 [INFO] Check Backups (BISYNC)
2026-03-01 22:08:49 [INFO] rclone: Elapsed time:         4.8s
2026-03-01 22:08:49 [INFO] Check End
2026-03-01 22:09:04 [INFO] === Lightroom Watcher gestartet ===
2026-03-01 22:09:06 [INFO] Check: Lokal=03.01.2026 10:48:30 | NAS=03.01.2026 10:48:30
2026-03-01 22:09:06 [INFO] Check Backups (BISYNC)
2026-03-01 22:09:11 [INFO] rclone: Elapsed time:         4.5s
2026-03-01 22:09:11 [INFO] Check End
2026-03-01 22:09:11 [INFO] Check: Lokal=03.01.2026 10:48:30 | NAS=03.01.2026 10:48:30
2026-03-01 22:09:11 [INFO] Check Backups (BISYNC)
2026-03-01 22:09:16 [INFO] rclone: Elapsed time:         4.5s
2026-03-01 22:09:16 [INFO] Check End
2026-03-01 22:09:17 [INFO] Check: Lokal=03.01.2026 10:48:30 | NAS=03.01.2026 10:48:30
2026-03-01 22:09:17 [INFO] Check Backups (BISYNC)
2026-03-01 22:12:15 [INFO] === Lightroom Watcher gestartet ===
2026-03-01 22:12:16 [INFO] Check: Lokal=03.01.2026 10:48:30 | NAS=03.01.2026 10:48:30
2026-03-01 22:12:16 [INFO] Check Backups (BISYNC)
2026-03-01 22:12:16 [INFO] Backups Sync: E:\Lightroom_test <-> synology:Lightroom
2026-03-01 22:12:21 [INFO] rclone: Elapsed time:         4.6s
2026-03-01 22:12:21 [INFO] rclone: Elapsed time:         4.6s
2026-03-01 22:12:21 [INFO] Check End
2026-03-01 22:12:22 [INFO] Check: Lokal=03.01.2026 10:48:30 | NAS=03.01.2026 10:48:30
2026-03-01 22:12:22 [INFO] Check Backups (BISYNC)
2026-03-01 22:12:22 [INFO] Backups Sync: E:\Lightroom_test <-> synology:Lightroom
2026-03-01 22:24:51 [INFO] === Lightroom Watcher gestartet ===
2026-03-01 22:24:52 [INFO] Check: Lokal=03.01.2026 10:48:30 | NAS=03.01.2026 10:48:30
2026-03-01 22:24:52 [INFO] Check Backups (BISYNC)
2026-03-01 22:24:52 [INFO] Backups Sync: E:\Lightroom_test\Backups <-> synology:Lightroom/Backups
2026-03-01 22:24:53 [INFO] rclone: Elapsed time:         4.6s
2026-03-01 22:24:53 [INFO] rclone: Elapsed time:         0.0s
2026-03-01 22:24:53 [INFO] Check End
2026-03-01 22:24:57 [INFO] Check: Lokal=03.01.2026 10:48:30 | NAS=03.01.2026 10:48:30
2026-03-01 22:24:57 [INFO] Check Backups (BISYNC)
2026-03-01 22:24:57 [INFO] Backups Sync: E:\Lightroom_test\Backups <-> synology:Lightroom/Backups
2026-03-01 22:24:57 [INFO] rclone: Elapsed time:         0.0s
2026-03-01 22:24:57 [INFO] Check End
2026-03-01 22:25:02 [INFO] Check: Lokal=03.01.2026 10:48:30 | NAS=03.01.2026 10:48:30
2026-03-01 22:25:02 [INFO] Check Backups (BISYNC)
2026-03-01 22:25:02 [INFO] Backups Sync: E:\Lightroom_test\Backups <-> synology:Lightroom/Backups
2026-03-01 22:25:02 [INFO] rclone: Elapsed time:         0.0s
2026-03-01 22:25:02 [INFO] Check End
2026-03-01 22:25:07 [INFO] Check: Lokal=03.01.2026 10:48:30 | NAS=03.01.2026 10:48:30
2026-03-01 22:25:07 [INFO] Check Backups (BISYNC)
2026-03-01 22:25:07 [INFO] Backups Sync: E:\Lightroom_test\Backups <-> synology:Lightroom/Backups
2026-03-01 22:25:07 [INFO] rclone: Elapsed time:         0.0s
2026-03-01 22:25:07 [INFO] Check End
2026-03-01 22:25:12 [INFO] Check: Lokal=03.01.2026 10:48:30 | NAS=03.01.2026 10:48:30
2026-03-01 22:25:12 [INFO] Check Backups (BISYNC)
2026-03-01 22:25:12 [INFO] Backups Sync: E:\Lightroom_test\Backups <-> synology:Lightroom/Backups
2026-03-01 22:25:12 [INFO] rclone: Elapsed time:         0.0s
2026-03-01 22:25:12 [INFO] Check End
2026-03-01 22:25:17 [INFO] Check: Lokal=03.01.2026 10:48:30 | NAS=03.01.2026 10:48:30
2026-03-01 22:25:17 [INFO] Check Backups (BISYNC)
2026-03-01 22:25:17 [INFO] Backups Sync: E:\Lightroom_test\Backups <-> synology:Lightroom/Backups
2026-03-01 22:25:17 [INFO] rclone: Elapsed time:         0.0s
2026-03-01 22:25:17 [INFO] Check End
2026-03-01 22:25:22 [INFO] Check: Lokal=03.01.2026 10:48:30 | NAS=03.01.2026 10:48:30
2026-03-01 22:25:22 [INFO] Check Backups (BISYNC)
2026-03-01 22:25:22 [INFO] Backups Sync: E:\Lightroom_test\Backups <-> synology:Lightroom/Backups
2026-03-01 22:25:22 [INFO] rclone: Elapsed time:         0.0s
2026-03-01 22:25:22 [INFO] Check End
2026-03-01 22:25:27 [INFO] Check: Lokal=03.01.2026 10:48:30 | NAS=03.01.2026 10:48:30
2026-03-01 22:25:27 [INFO] Check Backups (BISYNC)
2026-03-01 22:25:27 [INFO] Backups Sync: E:\Lightroom_test\Backups <-> synology:Lightroom/Backups
2026-03-01 22:25:27 [INFO] rclone: Elapsed time:         0.0s
2026-03-01 22:25:27 [INFO] Check End
2026-03-01 22:25:32 [INFO] Check: Lokal=03.01.2026 10:48:30 | NAS=03.01.2026 10:48:30
2026-03-01 22:25:32 [INFO] Check Backups (BISYNC)
2026-03-01 22:25:32 [INFO] Backups Sync: E:\Lightroom_test\Backups <-> synology:Lightroom/Backups
2026-03-01 22:25:32 [INFO] rclone: Elapsed time:         0.0s
2026-03-01 22:25:32 [INFO] Check End
2026-03-01 22:25:37 [INFO] Check: Lokal=03.01.2026 10:48:30 | NAS=03.01.2026 10:48:30
2026-03-01 22:25:37 [INFO] Check Backups (BISYNC)
2026-03-01 22:25:37 [INFO] Backups Sync: E:\Lightroom_test\Backups <-> synology:Lightroom/Backups
2026-03-01 22:25:37 [INFO] rclone: Elapsed time:         0.0s
2026-03-01 22:25:37 [INFO] Check End
2026-03-01 22:25:42 [INFO] Check: Lokal=03.01.2026 10:48:30 | NAS=03.01.2026 10:48:30
2026-03-01 22:25:42 [INFO] Check Backups (BISYNC)
2026-03-01 22:25:42 [INFO] Backups Sync: E:\Lightroom_test\Backups <-> synology:Lightroom/Backups
2026-03-01 22:25:42 [INFO] rclone: Elapsed time:         0.0s
2026-03-01 22:25:42 [INFO] Check End
2026-03-01 22:25:47 [INFO] Check: Lokal=03.01.2026 10:48:30 | NAS=03.01.2026 10:48:30
2026-03-01 22:25:47 [INFO] Check Backups (BISYNC)
2026-03-01 22:25:47 [INFO] Backups Sync: E:\Lightroom_test\Backups <-> synology:Lightroom/Backups
2026-03-01 22:25:47 [INFO] rclone: Elapsed time:         0.0s
2026-03-01 22:25:47 [INFO] Check End
2026-03-01 22:25:52 [INFO] Check: Lokal=03.01.2026 10:48:30 | NAS=03.01.2026 10:48:30
2026-03-01 22:25:52 [INFO] Check Backups (BISYNC)
2026-03-01 22:25:52 [INFO] Backups Sync: E:\Lightroom_test\Backups <-> synology:Lightroom/Backups
2026-03-01 22:25:52 [INFO] rclone: Elapsed time:         0.0s
2026-03-01 22:25:52 [INFO] Check End
2026-03-01 22:25:57 [INFO] Check: Lokal=03.01.2026 10:48:30 | NAS=03.01.2026 10:48:30
2026-03-01 22:25:57 [INFO] Check Backups (BISYNC)
2026-03-01 22:25:57 [INFO] Backups Sync: E:\Lightroom_test\Backups <-> synology:Lightroom/Backups
2026-03-01 22:25:57 [INFO] rclone: Elapsed time:         0.0s
2026-03-01 22:25:57 [INFO] Check End
2026-03-01 22:26:02 [INFO] Check: Lokal=03.01.2026 10:48:30 | NAS=03.01.2026 10:48:30
2026-03-01 22:26:02 [INFO] Check Backups (BISYNC)
2026-03-01 22:26:02 [INFO] Backups Sync: E:\Lightroom_test\Backups <-> synology:Lightroom/Backups
2026-03-01 22:26:02 [INFO] rclone: Elapsed time:         0.0s
2026-03-01 22:26:02 [INFO] Check End
2026-03-01 22:26:07 [INFO] Check: Lokal=03.01.2026 10:48:30 | NAS=03.01.2026 10:48:30
2026-03-01 22:26:07 [INFO] Check Backups (BISYNC)
2026-03-01 22:26:07 [INFO] Backups Sync: E:\Lightroom_test\Backups <-> synology:Lightroom/Backups
2026-03-01 22:26:07 [INFO] rclone: Elapsed time:         0.0s
2026-03-01 22:26:07 [INFO] Check End
2026-03-01 22:26:12 [INFO] Check: Lokal=03.01.2026 10:48:30 | NAS=03.01.2026 10:48:30
2026-03-01 22:26:12 [INFO] Check Backups (BISYNC)
2026-03-01 22:26:12 [INFO] Backups Sync: E:\Lightroom_test\Backups <-> synology:Lightroom/Backups
2026-03-01 22:26:12 [INFO] rclone: Elapsed time:         0.0s
2026-03-01 22:26:12 [INFO] Check End
2026-03-01 22:26:17 [INFO] Check: Lokal=03.01.2026 10:48:30 | NAS=03.01.2026 10:48:30
2026-03-01 22:26:17 [INFO] Check Backups (BISYNC)
2026-03-01 22:26:17 [INFO] Backups Sync: E:\Lightroom_test\Backups <-> synology:Lightroom/Backups
2026-03-01 22:26:17 [INFO] rclone: Elapsed time:         0.0s
2026-03-01 22:26:17 [INFO] Check End
2026-03-01 22:26:22 [INFO] Check: Lokal=03.01.2026 10:48:30 | NAS=03.01.2026 10:48:30
2026-03-01 22:26:22 [INFO] Check Backups (BISYNC)
2026-03-01 22:26:22 [INFO] Backups Sync: E:\Lightroom_test\Backups <-> synology:Lightroom/Backups
2026-03-01 22:26:22 [INFO] rclone: Elapsed time:         0.0s
2026-03-01 22:26:22 [INFO] Check End
2026-03-01 22:26:27 [INFO] Check: Lokal=03.01.2026 10:48:30 | NAS=03.01.2026 10:48:30
2026-03-01 22:26:27 [INFO] Check Backups (BISYNC)
2026-03-01 22:26:27 [INFO] Backups Sync: E:\Lightroom_test\Backups <-> synology:Lightroom/Backups
2026-03-01 22:26:27 [INFO] rclone: Elapsed time:         0.0s
2026-03-01 22:26:27 [INFO] Check End
2026-03-01 22:26:32 [INFO] Check: Lokal=03.01.2026 10:48:30 | NAS=03.01.2026 10:48:30
2026-03-01 22:26:32 [INFO] Check Backups (BISYNC)
2026-03-01 22:26:32 [INFO] Backups Sync: E:\Lightroom_test\Backups <-> synology:Lightroom/Backups
2026-03-01 22:26:32 [INFO] rclone: Elapsed time:         0.0s
2026-03-01 22:26:32 [INFO] Check End
2026-03-01 22:26:37 [INFO] Check: Lokal=03.01.2026 10:48:30 | NAS=03.01.2026 10:48:30
2026-03-01 22:26:37 [INFO] Check Backups (BISYNC)
2026-03-01 22:26:37 [INFO] Backups Sync: E:\Lightroom_test\Backups <-> synology:Lightroom/Backups
2026-03-01 22:26:37 [INFO] rclone: Elapsed time:         0.0s
2026-03-01 22:26:37 [INFO] Check End
2026-03-01 22:26:42 [INFO] Check: Lokal=03.01.2026 10:48:30 | NAS=03.01.2026 10:48:30
2026-03-01 22:26:42 [INFO] Check Backups (BISYNC)
2026-03-01 22:26:42 [INFO] Backups Sync: E:\Lightroom_test\Backups <-> synology:Lightroom/Backups
2026-03-01 22:26:42 [INFO] rclone: Elapsed time:         0.0s
2026-03-01 22:26:42 [INFO] Check End
2026-03-01 22:26:47 [INFO] Check: Lokal=03.01.2026 10:48:30 | NAS=03.01.2026 10:48:30
2026-03-01 22:26:47 [INFO] Check Backups (BISYNC)
2026-03-01 22:26:47 [INFO] Backups Sync: E:\Lightroom_test\Backups <-> synology:Lightroom/Backups
2026-03-01 22:26:47 [INFO] rclone: Elapsed time:         0.0s
2026-03-01 22:26:47 [INFO] Check End
2026-03-01 22:26:52 [INFO] Check: Lokal=03.01.2026 10:48:30 | NAS=03.01.2026 10:48:30
2026-03-01 22:26:52 [INFO] Check Backups (BISYNC)
2026-03-01 22:26:52 [INFO] Backups Sync: E:\Lightroom_test\Backups <-> synology:Lightroom/Backups
2026-03-01 22:26:52 [INFO] rclone: Elapsed time:         0.0s
2026-03-01 22:26:52 [INFO] Check End
2026-03-01 22:26:57 [INFO] Check: Lokal=03.01.2026 10:48:30 | NAS=03.01.2026 10:48:30
2026-03-01 22:26:57 [INFO] Check Backups (BISYNC)
2026-03-01 22:26:57 [INFO] Backups Sync: E:\Lightroom_test\Backups <-> synology:Lightroom/Backups
2026-03-01 22:26:57 [INFO] rclone: Elapsed time:         0.0s
2026-03-01 22:26:57 [INFO] Check End
2026-03-01 22:27:02 [INFO] Check: Lokal=03.01.2026 10:48:30 | NAS=03.01.2026 10:48:30
2026-03-01 22:27:02 [INFO] Check Backups (BISYNC)
2026-03-01 22:27:02 [INFO] Backups Sync: E:\Lightroom_test\Backups <-> synology:Lightroom/Backups
2026-03-01 22:27:02 [INFO] rclone: Elapsed time:         0.0s
2026-03-01 22:27:02 [INFO] Check End
2026-03-01 22:27:07 [INFO] Check: Lokal=03.01.2026 10:48:30 | NAS=03.01.2026 10:48:30
2026-03-01 22:27:07 [INFO] Check Backups (BISYNC)
2026-03-01 22:27:07 [INFO] Backups Sync: E:\Lightroom_test\Backups <-> synology:Lightroom/Backups
2026-03-01 22:27:07 [INFO] rclone: Elapsed time:         0.0s
2026-03-01 22:27:07 [INFO] Check End
2026-03-01 22:27:12 [INFO] Check: Lokal=03.01.2026 10:48:30 | NAS=03.01.2026 10:48:30
2026-03-01 22:27:12 [INFO] Check Backups (BISYNC)
2026-03-01 22:27:12 [INFO] Backups Sync: E:\Lightroom_test\Backups <-> synology:Lightroom/Backups
2026-03-01 22:27:12 [INFO] rclone: Elapsed time:         0.0s
2026-03-01 22:27:12 [INFO] Check End
2026-03-01 22:27:17 [INFO] Check: Lokal=03.01.2026 10:48:30 | NAS=03.01.2026 10:48:30
2026-03-01 22:27:17 [INFO] Check Backups (BISYNC)
2026-03-01 22:27:17 [INFO] Backups Sync: E:\Lightroom_test\Backups <-> synology:Lightroom/Backups
2026-03-01 22:27:17 [INFO] rclone: Elapsed time:         0.0s
2026-03-01 22:27:17 [INFO] Check End
2026-03-01 22:27:22 [INFO] Check: Lokal=03.01.2026 10:48:30 | NAS=03.01.2026 10:48:30
2026-03-01 22:27:22 [INFO] Check Backups (BISYNC)
2026-03-01 22:27:22 [INFO] Backups Sync: E:\Lightroom_test\Backups <-> synology:Lightroom/Backups
2026-03-01 22:27:22 [INFO] rclone: Elapsed time:         0.0s
2026-03-01 22:27:22 [INFO] Check End
2026-03-01 22:27:27 [INFO] Check: Lokal=03.01.2026 10:48:30 | NAS=03.01.2026 10:48:30
2026-03-01 22:27:27 [INFO] Check Backups (BISYNC)
2026-03-01 22:27:27 [INFO] Backups Sync: E:\Lightroom_test\Backups <-> synology:Lightroom/Backups
2026-03-01 22:27:27 [INFO] rclone: Elapsed time:         0.0s
2026-03-01 22:27:27 [INFO] Check End
2026-03-01 22:27:32 [INFO] Check: Lokal=03.01.2026 10:48:30 | NAS=03.01.2026 10:48:30
2026-03-01 22:27:32 [INFO] Check Backups (BISYNC)
2026-03-01 22:27:32 [INFO] Backups Sync: E:\Lightroom_test\Backups <-> synology:Lightroom/Backups
2026-03-01 22:27:32 [INFO] rclone: Elapsed time:         0.0s
2026-03-01 22:27:32 [INFO] Check End
2026-03-01 22:27:37 [INFO] Check: Lokal=03.01.2026 10:48:30 | NAS=03.01.2026 10:48:30
2026-03-01 22:27:37 [INFO] Check Backups (BISYNC)
2026-03-01 22:27:37 [INFO] Backups Sync: E:\Lightroom_test\Backups <-> synology:Lightroom/Backups
2026-03-01 22:27:37 [INFO] rclone: Elapsed time:         0.0s
2026-03-01 22:27:37 [INFO] Check End
2026-03-01 22:27:42 [INFO] Check: Lokal=03.01.2026 10:48:30 | NAS=03.01.2026 10:48:30
2026-03-01 22:27:42 [INFO] Check Backups (BISYNC)
2026-03-01 22:27:42 [INFO] Backups Sync: E:\Lightroom_test\Backups <-> synology:Lightroom/Backups
2026-03-01 22:27:42 [INFO] rclone: Elapsed time:         0.0s
2026-03-01 22:27:42 [INFO] Check End
2026-03-01 22:27:47 [INFO] Check: Lokal=03.01.2026 10:48:30 | NAS=03.01.2026 10:48:30
2026-03-01 22:27:47 [INFO] Check Backups (BISYNC)
2026-03-01 22:27:47 [INFO] Backups Sync: E:\Lightroom_test\Backups <-> synology:Lightroom/Backups
2026-03-01 22:27:47 [INFO] rclone: Elapsed time:         0.0s
2026-03-01 22:27:47 [INFO] Check End
2026-03-01 22:27:52 [INFO] Check: Lokal=03.01.2026 10:48:30 | NAS=03.01.2026 10:48:30
2026-03-01 22:27:52 [INFO] Check Backups (BISYNC)
2026-03-01 22:27:52 [INFO] Backups Sync: E:\Lightroom_test\Backups <-> synology:Lightroom/Backups
2026-03-01 22:27:52 [INFO] rclone: Elapsed time:         0.0s
2026-03-01 22:27:52 [INFO] Check End
2026-03-01 22:27:57 [INFO] Check: Lokal=03.01.2026 10:48:30 | NAS=03.01.2026 10:48:30
2026-03-01 22:27:57 [INFO] Check Backups (BISYNC)
2026-03-01 22:27:57 [INFO] Backups Sync: E:\Lightroom_test\Backups <-> synology:Lightroom/Backups
2026-03-01 22:27:57 [INFO] rclone: Elapsed time:         0.0s
2026-03-01 22:27:57 [INFO] Check End
2026-03-01 22:28:02 [INFO] Check: Lokal=03.01.2026 10:48:30 | NAS=03.01.2026 10:48:30
2026-03-01 22:28:02 [INFO] Check Backups (BISYNC)
2026-03-01 22:28:02 [INFO] Backups Sync: E:\Lightroom_test\Backups <-> synology:Lightroom/Backups
2026-03-01 22:28:02 [INFO] rclone: Elapsed time:         0.0s
2026-03-01 22:28:02 [INFO] Check End
2026-03-01 22:28:07 [INFO] Check: Lokal=03.01.2026 10:48:30 | NAS=03.01.2026 10:48:30
2026-03-01 22:28:07 [INFO] Check Backups (BISYNC)
2026-03-01 22:28:07 [INFO] Backups Sync: E:\Lightroom_test\Backups <-> synology:Lightroom/Backups
2026-03-01 22:28:07 [INFO] rclone: Elapsed time:         0.0s
2026-03-01 22:28:07 [INFO] Check End
2026-03-01 22:28:12 [INFO] Check: Lokal=03.01.2026 10:48:30 | NAS=03.01.2026 10:48:30
2026-03-01 22:28:12 [INFO] Check Backups (BISYNC)
2026-03-01 22:28:12 [INFO] Backups Sync: E:\Lightroom_test\Backups <-> synology:Lightroom/Backups
2026-03-01 22:28:12 [INFO] rclone: Elapsed time:         0.0s
2026-03-01 22:28:12 [INFO] Check End
2026-03-01 22:28:17 [INFO] Check: Lokal=03.01.2026 10:48:30 | NAS=03.01.2026 10:48:30
2026-03-01 22:28:17 [INFO] Check Backups (BISYNC)
2026-03-01 22:28:17 [INFO] Backups Sync: E:\Lightroom_test\Backups <-> synology:Lightroom/Backups
2026-03-01 22:28:17 [INFO] rclone: Elapsed time:         0.0s
2026-03-01 22:28:17 [INFO] Check End
2026-03-01 22:28:22 [INFO] Check: Lokal=03.01.2026 10:48:30 | NAS=03.01.2026 10:48:30
2026-03-01 22:28:22 [INFO] Check Backups (BISYNC)
2026-03-01 22:28:22 [INFO] Backups Sync: E:\Lightroom_test\Backups <-> synology:Lightroom/Backups
2026-03-01 22:28:22 [INFO] rclone: Elapsed time:         0.0s
2026-03-01 22:28:22 [INFO] Check End
2026-03-01 22:28:27 [INFO] Check: Lokal=03.01.2026 10:48:30 | NAS=03.01.2026 10:48:30
2026-03-01 22:28:27 [INFO] Check Backups (BISYNC)
2026-03-01 22:28:27 [INFO] Backups Sync: E:\Lightroom_test\Backups <-> synology:Lightroom/Backups
2026-03-01 22:28:27 [INFO] rclone: Elapsed time:         0.0s
2026-03-01 22:28:27 [INFO] Check End
2026-03-01 22:28:32 [INFO] Check: Lokal=03.01.2026 10:48:30 | NAS=03.01.2026 10:48:30
2026-03-01 22:28:32 [INFO] Check Backups (BISYNC)
2026-03-01 22:28:32 [INFO] Backups Sync: E:\Lightroom_test\Backups <-> synology:Lightroom/Backups
2026-03-01 22:28:32 [INFO] rclone: Elapsed time:         0.0s
2026-03-01 22:28:32 [INFO] Check End
2026-03-01 22:28:37 [INFO] Check: Lokal=03.01.2026 10:48:30 | NAS=03.01.2026 10:48:30
2026-03-01 22:28:37 [INFO] Check Backups (BISYNC)
2026-03-01 22:28:37 [INFO] Backups Sync: E:\Lightroom_test\Backups <-> synology:Lightroom/Backups
2026-03-01 22:28:37 [INFO] rclone: Elapsed time:         0.0s
2026-03-01 22:28:37 [INFO] Check End
2026-03-01 22:28:42 [INFO] Check: Lokal=03.01.2026 10:48:30 | NAS=03.01.2026 10:48:30
2026-03-01 22:28:42 [INFO] Check Backups (BISYNC)
2026-03-01 22:28:42 [INFO] Backups Sync: E:\Lightroom_test\Backups <-> synology:Lightroom/Backups
2026-03-01 22:28:42 [INFO] rclone: Elapsed time:         0.0s
2026-03-01 22:28:42 [INFO] Check End
2026-03-01 22:28:47 [INFO] Check: Lokal=03.01.2026 10:48:30 | NAS=03.01.2026 10:48:30
2026-03-01 22:28:47 [INFO] Check Backups (BISYNC)
2026-03-01 22:28:47 [INFO] Backups Sync: E:\Lightroom_test\Backups <-> synology:Lightroom/Backups
2026-03-01 22:28:47 [INFO] rclone: Elapsed time:         0.0s
2026-03-01 22:28:47 [INFO] Check End
2026-03-01 22:28:52 [INFO] Check: Lokal=03.01.2026 10:48:30 | NAS=03.01.2026 10:48:30
2026-03-01 22:28:52 [INFO] Check Backups (BISYNC)
2026-03-01 22:28:52 [INFO] Backups Sync: E:\Lightroom_test\Backups <-> synology:Lightroom/Backups
2026-03-01 22:28:52 [INFO] rclone: Elapsed time:         0.0s
2026-03-01 22:28:52 [INFO] Check End
2026-03-01 22:28:57 [INFO] Check: Lokal=03.01.2026 10:48:30 | NAS=03.01.2026 10:48:30
2026-03-01 22:28:57 [INFO] Check Backups (BISYNC)
2026-03-01 22:28:57 [INFO] Backups Sync: E:\Lightroom_test\Backups <-> synology:Lightroom/Backups
2026-03-01 22:28:57 [INFO] rclone: Elapsed time:         0.0s
2026-03-01 22:28:57 [INFO] Check End
2026-03-01 22:29:02 [INFO] Check: Lokal=03.01.2026 10:48:30 | NAS=03.01.2026 10:48:30
2026-03-01 22:29:02 [INFO] Check Backups (BISYNC)
2026-03-01 22:29:02 [INFO] Backups Sync: E:\Lightroom_test\Backups <-> synology:Lightroom/Backups
2026-03-01 22:29:02 [INFO] rclone: Elapsed time:         0.0s
2026-03-01 22:29:02 [INFO] Check End
2026-03-01 22:29:07 [INFO] Check: Lokal=03.01.2026 10:48:30 | NAS=03.01.2026 10:48:30
2026-03-01 22:29:07 [INFO] Check Backups (BISYNC)
2026-03-01 22:29:07 [INFO] Backups Sync: E:\Lightroom_test\Backups <-> synology:Lightroom/Backups
2026-03-01 22:29:07 [INFO] rclone: Elapsed time:         0.0s
2026-03-01 22:29:07 [INFO] Check End
2026-03-01 22:29:12 [INFO] Check: Lokal=03.01.2026 10:48:30 | NAS=03.01.2026 10:48:30
2026-03-01 22:29:12 [INFO] Check Backups (BISYNC)
2026-03-01 22:29:12 [INFO] Backups Sync: E:\Lightroom_test\Backups <-> synology:Lightroom/Backups
2026-03-01 22:29:12 [INFO] rclone: Elapsed time:         0.0s
2026-03-01 22:29:12 [INFO] Check End
2026-03-01 22:29:17 [INFO] Check: Lokal=03.01.2026 10:48:30 | NAS=03.01.2026 10:48:30
2026-03-01 22:29:17 [INFO] Check Backups (BISYNC)
2026-03-01 22:29:17 [INFO] Backups Sync: E:\Lightroom_test\Backups <-> synology:Lightroom/Backups
2026-03-01 22:29:17 [INFO] rclone: Elapsed time:         0.0s
2026-03-01 22:29:17 [INFO] Check End
2026-03-01 22:29:22 [INFO] Check: Lokal=03.01.2026 10:48:30 | NAS=03.01.2026 10:48:30
2026-03-01 22:29:22 [INFO] Check Backups (BISYNC)
2026-03-01 22:29:22 [INFO] Backups Sync: E:\Lightroom_test\Backups <-> synology:Lightroom/Backups
2026-03-01 22:29:22 [INFO] rclone: Elapsed time:         5.1s
2026-03-01 22:29:22 [INFO] rclone: Elapsed time:         0.0s
2026-03-01 22:29:22 [INFO] Check End
2026-03-01 22:29:27 [INFO] Check: Lokal=03.01.2026 10:48:30 | NAS=03.01.2026 10:48:30
2026-03-01 22:29:27 [INFO] Check Backups (BISYNC)
2026-03-01 22:29:27 [INFO] Backups Sync: E:\Lightroom_test\Backups <-> synology:Lightroom/Backups
2026-03-01 22:29:27 [INFO] rclone: Elapsed time:         0.0s
2026-03-01 22:29:27 [INFO] Check End
2026-03-01 22:29:32 [INFO] Check: Lokal=03.01.2026 10:48:30 | NAS=03.01.2026 10:48:30
2026-03-01 22:29:32 [INFO] Check Backups (BISYNC)
2026-03-01 22:29:32 [INFO] Backups Sync: E:\Lightroom_test\Backups <-> synology:Lightroom/Backups
2026-03-01 22:29:32 [INFO] rclone: Elapsed time:         0.0s
2026-03-01 22:29:32 [INFO] Check End
2026-03-01 22:29:37 [INFO] Check: Lokal=03.01.2026 10:48:30 | NAS=03.01.2026 10:48:30
2026-03-01 22:29:37 [INFO] Check Backups (BISYNC)
2026-03-01 22:29:37 [INFO] Backups Sync: E:\Lightroom_test\Backups <-> synology:Lightroom/Backups
2026-03-01 22:29:37 [INFO] rclone: Elapsed time:         0.0s
2026-03-01 22:29:37 [INFO] Check End
2026-03-01 22:29:42 [INFO] Check: Lokal=03.01.2026 10:48:30 | NAS=03.01.2026 10:48:30
2026-03-01 22:29:42 [INFO] Check Backups (BISYNC)
2026-03-01 22:29:42 [INFO] Backups Sync: E:\Lightroom_test\Backups <-> synology:Lightroom/Backups
2026-03-01 22:29:42 [INFO] rclone: Elapsed time:         0.0s
2026-03-01 22:29:42 [INFO] Check End
2026-03-01 22:30:45 [INFO] === Lightroom Watcher gestartet ===
2026-03-01 22:30:46 [INFO] Check: Lokal=03.01.2026 10:48:30 | NAS=03.01.2026 10:48:30
2026-03-01 22:30:46 [INFO] Check Backups (BISYNC)
2026-03-01 22:30:46 [INFO] Backups Sync: E:\Lightroom_test\Backups <-> synology:Lightroom/Backups
2026-03-01 22:30:47 [INFO] rclone: Elapsed time:         0.0s
2026-03-01 22:30:47 [INFO] Check End
2026-03-01 22:30:51 [INFO] Check: Lokal=03.01.2026 10:48:30 | NAS=03.01.2026 10:48:30
2026-03-01 22:30:51 [INFO] Check Backups (BISYNC)
2026-03-01 22:30:51 [INFO] Backups Sync: E:\Lightroom_test\Backups <-> synology:Lightroom/Backups
2026-03-01 22:30:51 [INFO] rclone: Elapsed time:         0.0s
2026-03-01 22:30:51 [INFO] Check End
2026-03-01 22:30:56 [INFO] Check: Lokal=03.01.2026 10:48:30 | NAS=03.01.2026 10:48:30
2026-03-01 22:30:56 [INFO] Check Backups (BISYNC)
2026-03-01 22:30:56 [INFO] Backups Sync: E:\Lightroom_test\Backups <-> synology:Lightroom/Backups
2026-03-01 22:30:56 [INFO] rclone: Elapsed time:         0.0s
2026-03-01 22:30:56 [INFO] Check End
2026-03-01 22:33:09 [INFO] === Lightroom Watcher gestartet ===
2026-03-01 22:33:10 [INFO] Check: Lokal=03.01.2026 10:48:30 | NAS=03.01.2026 10:48:30
2026-03-01 22:33:10 [INFO] Check Backups (BISYNC)
2026-03-01 22:33:10 [INFO] Backups Sync: E:\Lightroom_test\Backups <-> synology:Lightroom/Backups
2026-03-01 22:33:11 [INFO] rclone: Elapsed time:         0.0s
2026-03-01 22:33:11 [INFO] Check End
2026-03-01 22:33:15 [INFO] Check: Lokal=03.01.2026 10:48:30 | NAS=03.01.2026 10:48:30
2026-03-01 22:33:15 [INFO] Check Backups (BISYNC)
2026-03-01 22:33:15 [INFO] Backups Sync: E:\Lightroom_test\Backups <-> synology:Lightroom/Backups
2026-03-01 22:33:15 [INFO] rclone: Elapsed time:         0.0s
2026-03-01 22:33:15 [INFO] rclone: Elapsed time:         0.0s
2026-03-01 22:33:15 [INFO] Check End
2026-03-01 22:33:20 [INFO] Check: Lokal=03.01.2026 10:48:30 | NAS=03.01.2026 10:48:30
2026-03-01 22:33:20 [INFO] Check Backups (BISYNC)
2026-03-01 22:33:20 [INFO] Backups Sync: E:\Lightroom_test\Backups <-> synology:Lightroom/Backups
2026-03-01 22:33:20 [INFO] rclone: Elapsed time:         0.0s
2026-03-01 22:33:20 [INFO] rclone: Elapsed time:         0.0s
2026-03-01 22:33:20 [INFO] rclone: Elapsed time:         0.0s
2026-03-01 22:33:20 [INFO] Check End
2026-03-01 22:33:25 [INFO] Check: Lokal=03.01.2026 10:48:30 | NAS=03.01.2026 10:48:30
2026-03-01 22:33:25 [INFO] Check Backups (BISYNC)
2026-03-01 22:33:25 [INFO] Backups Sync: E:\Lightroom_test\Backups <-> synology:Lightroom/Backups
2026-03-01 22:33:25 [INFO] rclone: Elapsed time:         0.0s
2026-03-01 22:33:25 [INFO] rclone: Elapsed time:         0.0s
2026-03-01 22:33:25 [INFO] rclone: Elapsed time:         0.0s
2026-03-01 22:33:25 [INFO] rclone: Elapsed time:         0.0s
2026-03-01 22:33:25 [INFO] Check End
2026-03-01 22:33:30 [INFO] Check: Lokal=03.01.2026 10:48:30 | NAS=03.01.2026 10:48:30
2026-03-01 22:33:30 [INFO] Check Backups (BISYNC)
2026-03-01 22:33:30 [INFO] Backups Sync: E:\Lightroom_test\Backups <-> synology:Lightroom/Backups
2026-03-01 22:33:30 [INFO] rclone: Elapsed time:         0.0s
2026-03-01 22:33:30 [INFO] rclone: Elapsed time:         0.0s
2026-03-01 22:33:30 [INFO] rclone: Elapsed time:         0.0s
2026-03-01 22:33:30 [INFO] rclone: Elapsed time:         0.0s
2026-03-01 22:33:30 [INFO] rclone: Elapsed time:         0.0s
2026-03-01 22:33:30 [INFO] Check End
2026-03-01 22:33:35 [INFO] Check: Lokal=03.01.2026 10:48:30 | NAS=03.01.2026 10:48:30
2026-03-01 22:33:35 [INFO] Check Backups (BISYNC)
2026-03-01 22:33:35 [INFO] Backups Sync: E:\Lightroom_test\Backups <-> synology:Lightroom/Backups
2026-03-01 22:33:35 [INFO] rclone: Elapsed time:         0.0s
2026-03-01 22:33:35 [INFO] rclone: Elapsed time:         0.0s
2026-03-01 22:33:35 [INFO] rclone: Elapsed time:         0.0s
2026-03-01 22:33:35 [INFO] rclone: Elapsed time:         0.0s
2026-03-01 22:33:35 [INFO] rclone: Elapsed time:         0.0s
2026-03-01 22:33:35 [INFO] rclone: Elapsed time:         0.0s
2026-03-01 22:33:35 [INFO] Check End
2026-03-01 22:33:40 [INFO] Check: Lokal=03.01.2026 10:48:30 | NAS=03.01.2026 10:48:30
2026-03-01 22:33:40 [INFO] Check Backups (BISYNC)
2026-03-01 22:33:40 [INFO] Backups Sync: E:\Lightroom_test\Backups <-> synology:Lightroom/Backups
2026-03-01 22:33:40 [INFO] rclone: Elapsed time:         0.0s
2026-03-01 22:33:40 [INFO] rclone: Elapsed time:         0.0s
2026-03-01 22:33:40 [INFO] rclone: Elapsed time:         0.0s
2026-03-01 22:33:40 [INFO] rclone: Elapsed time:         0.0s
2026-03-01 22:33:40 [INFO] rclone: Elapsed time:         0.0s
2026-03-01 22:33:40 [INFO] rclone: Elapsed time:         0.0s
2026-03-01 22:33:40 [INFO] rclone: Elapsed time:         0.0s
2026-03-01 22:33:40 [INFO] Check End
2026-03-01 22:33:45 [INFO] Check: Lokal=03.01.2026 10:48:30 | NAS=03.01.2026 10:48:30
2026-03-01 22:33:45 [INFO] Check Backups (BISYNC)
2026-03-01 22:33:45 [INFO] Backups Sync: E:\Lightroom_test\Backups <-> synology:Lightroom/Backups
2026-03-01 22:33:45 [INFO] rclone: Elapsed time:         0.0s
2026-03-01 22:33:45 [INFO] rclone: Elapsed time:         0.0s
2026-03-01 22:33:45 [INFO] rclone: Elapsed time:         0.0s
2026-03-01 22:33:45 [INFO] rclone: Elapsed time:         0.0s
2026-03-01 22:33:45 [INFO] rclone: Elapsed time:         0.0s
2026-03-01 22:33:45 [INFO] rclone: Elapsed time:         0.0s
2026-03-01 22:33:45 [INFO] rclone: Elapsed time:         0.0s
2026-03-01 22:33:45 [INFO] rclone: Elapsed time:         0.0s
2026-03-01 22:33:45 [INFO] Check End
2026-03-01 22:33:50 [INFO] Check: Lokal=03.01.2026 10:48:30 | NAS=03.01.2026 10:48:30
2026-03-01 22:33:50 [INFO] Check Backups (BISYNC)
2026-03-01 22:33:50 [INFO] Backups Sync: E:\Lightroom_test\Backups <-> synology:Lightroom/Backups
2026-03-01 22:33:50 [INFO] rclone: Elapsed time:         0.0s
2026-03-01 22:33:50 [INFO] rclone: Elapsed time:         0.0s
2026-03-01 22:33:50 [INFO] rclone: Elapsed time:         0.0s
2026-03-01 22:33:50 [INFO] rclone: Elapsed time:         0.0s
2026-03-01 22:33:50 [INFO] rclone: Elapsed time:         0.0s
2026-03-01 22:33:50 [INFO] rclone: Elapsed time:         0.0s
2026-03-01 22:33:50 [INFO] rclone: Elapsed time:         0.0s
2026-03-01 22:33:50 [INFO] rclone: Elapsed time:         0.0s
2026-03-01 22:33:50 [INFO] rclone: Elapsed time:         0.0s
2026-03-01 22:33:50 [INFO] Check End
2026-03-01 22:33:55 [INFO] Check: Lokal=03.01.2026 10:48:30 | NAS=03.01.2026 10:48:30
2026-03-01 22:33:55 [INFO] Check Backups (BISYNC)
2026-03-01 22:33:55 [INFO] Backups Sync: E:\Lightroom_test\Backups <-> synology:Lightroom/Backups
2026-03-01 22:33:55 [INFO] rclone: Elapsed time:         0.0s
2026-03-01 22:33:55 [INFO] rclone: Elapsed time:         0.0s
2026-03-01 22:33:55 [INFO] rclone: Elapsed time:         0.0s
2026-03-01 22:33:55 [INFO] rclone: Elapsed time:         0.0s
2026-03-01 22:33:55 [INFO] rclone: Elapsed time:         0.0s
2026-03-01 22:33:55 [INFO] rclone: Elapsed time:         0.0s
2026-03-01 22:33:55 [INFO] rclone: Elapsed time:         0.0s
2026-03-01 22:33:55 [INFO] rclone: Elapsed time:         0.0s
2026-03-01 22:33:55 [INFO] rclone: Elapsed time:         0.0s
2026-03-01 22:33:55 [INFO] rclone: Elapsed time:         0.0s
2026-03-01 22:33:55 [INFO] Check End
2026-03-01 22:34:00 [INFO] Check: Lokal=03.01.2026 10:48:30 | NAS=03.01.2026 10:48:30
2026-03-01 22:34:00 [INFO] Check Backups (BISYNC)
2026-03-01 22:34:00 [INFO] Backups Sync: E:\Lightroom_test\Backups <-> synology:Lightroom/Backups
2026-03-01 22:34:00 [INFO] rclone: Elapsed time:         0.0s
2026-03-01 22:34:00 [INFO] rclone: Elapsed time:         0.0s
2026-03-01 22:34:00 [INFO] rclone: Elapsed time:         0.0s
2026-03-01 22:34:00 [INFO] rclone: Elapsed time:         0.0s
2026-03-01 22:34:00 [INFO] rclone: Elapsed time:         0.0s
2026-03-01 22:34:00 [INFO] rclone: Elapsed time:         0.0s
2026-03-01 22:34:00 [INFO] rclone: Elapsed time:         0.0s
2026-03-01 22:34:00 [INFO] rclone: Elapsed time:         0.0s
2026-03-01 22:34:00 [INFO] rclone: Elapsed time:         0.0s
2026-03-01 22:34:00 [INFO] rclone: Elapsed time:         0.0s
2026-03-01 22:34:00 [INFO] rclone: Elapsed time:         0.0s
2026-03-01 22:34:00 [INFO] Check End
2026-03-01 22:34:05 [INFO] Check: Lokal=03.01.2026 10:48:30 | NAS=03.01.2026 10:48:30
2026-03-01 22:34:05 [INFO] Check Backups (BISYNC)
2026-03-01 22:34:05 [INFO] Backups Sync: E:\Lightroom_test\Backups <-> synology:Lightroom/Backups
2026-03-01 22:34:05 [INFO] rclone: Elapsed time:         0.0s
2026-03-01 22:34:05 [INFO] rclone: Elapsed time:         0.0s
2026-03-01 22:34:05 [INFO] rclone: Elapsed time:         0.0s
2026-03-01 22:34:05 [INFO] rclone: Elapsed time:         0.0s
2026-03-01 22:34:05 [INFO] rclone: Elapsed time:         0.0s
2026-03-01 22:34:05 [INFO] rclone: Elapsed time:         0.0s
2026-03-01 22:34:05 [INFO] rclone: Elapsed time:         0.0s
2026-03-01 22:34:05 [INFO] rclone: Elapsed time:         0.0s
2026-03-01 22:34:05 [INFO] rclone: Elapsed time:         0.0s
2026-03-01 22:34:05 [INFO] rclone: Elapsed time:         0.0s
2026-03-01 22:34:05 [INFO] rclone: Elapsed time:         0.0s
2026-03-01 22:34:05 [INFO] rclone: Elapsed time:         0.0s
2026-03-01 22:34:05 [INFO] Check End
2026-03-01 22:34:10 [INFO] Check: Lokal=03.01.2026 10:48:30 | NAS=03.01.2026 10:48:30
2026-03-01 22:34:10 [INFO] Check Backups (BISYNC)
2026-03-01 22:34:10 [INFO] Backups Sync: E:\Lightroom_test\Backups <-> synology:Lightroom/Backups
2026-03-01 22:34:10 [INFO] rclone: Elapsed time:         0.0s
2026-03-01 22:34:10 [INFO] rclone: Elapsed time:         0.0s
2026-03-01 22:34:10 [INFO] rclone: Elapsed time:         0.0s
2026-03-01 22:34:10 [INFO] rclone: Elapsed time:         0.0s
2026-03-01 22:34:10 [INFO] rclone: Elapsed time:         0.0s
2026-03-01 22:34:10 [INFO] rclone: Elapsed time:         0.0s
2026-03-01 22:34:10 [INFO] rclone: Elapsed time:         0.0s
2026-03-01 22:34:10 [INFO] rclone: Elapsed time:         0.0s
2026-03-01 22:34:10 [INFO] rclone: Elapsed time:         0.0s
2026-03-01 22:34:10 [INFO] rclone: Elapsed time:         0.0s
2026-03-01 22:34:10 [INFO] rclone: Elapsed time:         0.0s
2026-03-01 22:34:10 [INFO] rclone: Elapsed time:         0.0s
2026-03-01 22:34:10 [INFO] rclone: Elapsed time:         0.0s
2026-03-01 22:34:10 [INFO] Check End
2026-03-01 22:34:15 [INFO] Check: Lokal=03.01.2026 10:48:30 | NAS=03.01.2026 10:48:30
2026-03-01 22:34:15 [INFO] Check Backups (BISYNC)
2026-03-01 22:34:15 [INFO] Backups Sync: E:\Lightroom_test\Backups <-> synology:Lightroom/Backups
2026-03-01 22:34:15 [INFO] rclone: Elapsed time:         0.0s
2026-03-01 22:34:15 [INFO] rclone: Elapsed time:         0.0s
2026-03-01 22:34:15 [INFO] rclone: Elapsed time:         0.0s
2026-03-01 22:34:15 [INFO] rclone: Elapsed time:         0.0s
2026-03-01 22:34:15 [INFO] rclone: Elapsed time:         0.0s
2026-03-01 22:34:15 [INFO] rclone: Elapsed time:         0.0s
2026-03-01 22:34:15 [INFO] rclone: Elapsed time:         0.0s
2026-03-01 22:34:15 [INFO] rclone: Elapsed time:         0.0s
2026-03-01 22:34:15 [INFO] rclone: Elapsed time:         0.0s
2026-03-01 22:34:15 [INFO] rclone: Elapsed time:         0.0s
2026-03-01 22:34:15 [INFO] rclone: Elapsed time:         0.0s
2026-03-01 22:34:15 [INFO] rclone: Elapsed time:         0.0s
2026-03-01 22:34:15 [INFO] rclone: Elapsed time:         0.0s
2026-03-01 22:34:15 [INFO] rclone: Elapsed time:         0.0s
2026-03-01 22:34:15 [INFO] Check End
2026-03-01 22:34:20 [INFO] Check: Lokal=03.01.2026 10:48:30 | NAS=03.01.2026 10:48:30
2026-03-01 22:34:20 [INFO] Check Backups (BISYNC)
2026-03-01 22:34:20 [INFO] Backups Sync: E:\Lightroom_test\Backups <-> synology:Lightroom/Backups
2026-03-01 22:34:20 [INFO] rclone: Elapsed time:         0.0s
2026-03-01 22:34:20 [INFO] rclone: Elapsed time:         0.0s
2026-03-01 22:34:20 [INFO] rclone: Elapsed time:         0.0s
2026-03-01 22:34:20 [INFO] rclone: Elapsed time:         0.0s
2026-03-01 22:34:20 [INFO] rclone: Elapsed time:         0.0s
2026-03-01 22:34:20 [INFO] rclone: Elapsed time:         0.0s
2026-03-01 22:34:20 [INFO] rclone: Elapsed time:         0.0s
2026-03-01 22:34:20 [INFO] rclone: Elapsed time:         0.0s
2026-03-01 22:34:20 [INFO] rclone: Elapsed time:         0.0s
2026-03-01 22:34:20 [INFO] rclone: Elapsed time:         0.0s
2026-03-01 22:34:20 [INFO] rclone: Elapsed time:         0.0s
2026-03-01 22:34:20 [INFO] rclone: Elapsed time:         0.0s
2026-03-01 22:34:20 [INFO] rclone: Elapsed time:         0.0s
2026-03-01 22:34:20 [INFO] rclone: Elapsed time:         0.0s
2026-03-01 22:34:20 [INFO] rclone: Elapsed time:         0.0s
2026-03-01 22:34:20 [INFO] Check End
2026-03-01 22:34:25 [INFO] Check: Lokal=03.01.2026 10:48:30 | NAS=03.01.2026 10:48:30
2026-03-01 22:34:25 [INFO] Check Backups (BISYNC)
2026-03-01 22:34:25 [INFO] Backups Sync: E:\Lightroom_test\Backups <-> synology:Lightroom/Backups
2026-03-01 22:34:25 [INFO] rclone: Elapsed time:         0.0s
2026-03-01 22:34:25 [INFO] rclone: Elapsed time:         0.0s
2026-03-01 22:34:25 [INFO] rclone: Elapsed time:         0.0s
2026-03-01 22:34:25 [INFO] rclone: Elapsed time:         0.0s
2026-03-01 22:34:25 [INFO] rclone: Elapsed time:         0.0s
2026-03-01 22:34:25 [INFO] rclone: Elapsed time:         0.0s
2026-03-01 22:34:25 [INFO] rclone: Elapsed time:         0.0s
2026-03-01 22:34:25 [INFO] rclone: Elapsed time:         0.0s
2026-03-01 22:34:25 [INFO] rclone: Elapsed time:         0.0s
2026-03-01 22:34:25 [INFO] rclone: Elapsed time:         0.0s
2026-03-01 22:34:25 [INFO] rclone: Elapsed time:         0.0s
2026-03-01 22:34:25 [INFO] rclone: Elapsed time:         0.0s
2026-03-01 22:34:25 [INFO] rclone: Elapsed time:         0.0s
2026-03-01 22:34:25 [INFO] rclone: Elapsed time:         0.0s
2026-03-01 22:34:25 [INFO] rclone: Elapsed time:         0.0s
2026-03-01 22:34:25 [INFO] rclone: Elapsed time:         0.0s
2026-03-01 22:34:25 [INFO] Check End
2026-03-01 22:41:08 [INFO] === Lightroom Watcher gestartet ===
2026-03-01 22:41:10 [INFO] Check: Lokal=03.01.2026 10:48:30 | NAS=03.01.2026 10:48:30
2026-03-01 22:41:10 [INFO] Check Backups (BISYNC)
2026-03-01 22:41:10 [INFO] Backups Sync: E:\Lightroom_test\Backups <-> synology:Lightroom/Backups
2026-03-01 22:41:24 [INFO] rclone: 2026/03/01 22:41:18 INFO  : Backups/Lightroom-Katal-v15.zip: Multi-thread Copied (new)
2026-03-01 22:41:24 [INFO] rclone: 2026/03/01 22:41:24 INFO  : Backups/Lightroom-g-v15.zip: Multi-thread Copied (new)
2026-03-01 22:41:24 [INFO] rclone: Transferred:   	    4.499 GiB / 4.499 GiB, 100%, 354.673 MiB/s, ETA 0s
2026-03-01 22:41:24 [INFO] rclone: Transferred:            2 / 2, 100%
2026-03-01 22:41:24 [INFO] rclone: Elapsed time:        13.5s
2026-03-01 22:41:24 [INFO] Check End
2026-03-01 22:41:25 [INFO] Check: Lokal=03.01.2026 10:48:30 | NAS=03.01.2026 10:48:30
2026-03-01 22:41:25 [INFO] Check Backups (BISYNC)
2026-03-01 22:41:25 [INFO] Backups Sync: E:\Lightroom_test\Backups <-> synology:Lightroom/Backups
2026-03-01 22:41:25 [INFO] rclone: 2026/03/01 22:41:18 INFO  : Backups/Lightroom-Katal-v15.zip: Multi-thread Copied (new)
2026-03-01 22:41:25 [INFO] rclone: 2026/03/01 22:41:24 INFO  : Backups/Lightroom-g-v15.zip: Multi-thread Copied (new)
2026-03-01 22:41:25 [INFO] rclone: Transferred:   	    4.499 GiB / 4.499 GiB, 100%, 354.673 MiB/s, ETA 0s
2026-03-01 22:41:25 [INFO] rclone: Transferred:            2 / 2, 100%
2026-03-01 22:41:25 [INFO] rclone: Elapsed time:        13.5s
2026-03-01 22:41:25 [INFO] rclone: Elapsed time:         0.1s
2026-03-01 22:41:25 [INFO] Check End
2026-03-01 22:41:26 [INFO] Check: Lokal=03.01.2026 10:48:30 | NAS=03.01.2026 10:48:30
2026-03-01 22:41:26 [INFO] Check Backups (BISYNC)
2026-03-01 22:41:26 [INFO] Backups Sync: E:\Lightroom_test\Backups <-> synology:Lightroom/Backups
2026-03-01 22:41:27 [INFO] rclone: 2026/03/01 22:41:18 INFO  : Backups/Lightroom-Katal-v15.zip: Multi-thread Copied (new)
2026-03-01 22:41:27 [INFO] rclone: 2026/03/01 22:41:24 INFO  : Backups/Lightroom-g-v15.zip: Multi-thread Copied (new)
2026-03-01 22:41:27 [INFO] rclone: Transferred:   	    4.499 GiB / 4.499 GiB, 100%, 354.673 MiB/s, ETA 0s
2026-03-01 22:41:27 [INFO] rclone: Transferred:            2 / 2, 100%
2026-03-01 22:41:27 [INFO] rclone: Elapsed time:        13.5s
2026-03-01 22:41:27 [INFO] rclone: Elapsed time:         0.1s
2026-03-01 22:41:27 [INFO] rclone: Elapsed time:         0.1s
2026-03-01 22:41:27 [INFO] Check End
2026-03-01 22:41:27 [INFO] Check: Lokal=03.01.2026 10:48:30 | NAS=03.01.2026 10:48:30
2026-03-01 22:41:27 [INFO] Check Backups (BISYNC)
2026-03-01 22:41:27 [INFO] Backups Sync: E:\Lightroom_test\Backups <-> synology:Lightroom/Backups
2026-03-01 22:41:28 [INFO] rclone: 2026/03/01 22:41:18 INFO  : Backups/Lightroom-Katal-v15.zip: Multi-thread Copied (new)
2026-03-01 22:41:28 [INFO] rclone: 2026/03/01 22:41:24 INFO  : Backups/Lightroom-g-v15.zip: Multi-thread Copied (new)
2026-03-01 22:41:28 [INFO] rclone: Transferred:   	    4.499 GiB / 4.499 GiB, 100%, 354.673 MiB/s, ETA 0s
2026-03-01 22:41:28 [INFO] rclone: Transferred:            2 / 2, 100%
2026-03-01 22:41:28 [INFO] rclone: Elapsed time:        13.5s
2026-03-01 22:41:28 [INFO] rclone: Elapsed time:         0.1s
2026-03-01 22:41:28 [INFO] rclone: Elapsed time:         0.1s
2026-03-01 22:41:28 [INFO] rclone: Elapsed time:         0.1s
2026-03-01 22:41:28 [INFO] Check End
2026-03-01 22:41:29 [INFO] Check: Lokal=03.01.2026 10:48:30 | NAS=03.01.2026 10:48:30
2026-03-01 22:41:29 [INFO] Check Backups (BISYNC)
2026-03-01 22:41:29 [INFO] Backups Sync: E:\Lightroom_test\Backups <-> synology:Lightroom/Backups
2026-03-01 22:41:30 [INFO] rclone: 2026/03/01 22:41:18 INFO  : Backups/Lightroom-Katal-v15.zip: Multi-thread Copied (new)
2026-03-01 22:41:30 [INFO] rclone: 2026/03/01 22:41:24 INFO  : Backups/Lightroom-g-v15.zip: Multi-thread Copied (new)
2026-03-01 22:41:30 [INFO] rclone: Transferred:   	    4.499 GiB / 4.499 GiB, 100%, 354.673 MiB/s, ETA 0s
2026-03-01 22:41:30 [INFO] rclone: Transferred:            2 / 2, 100%
2026-03-01 22:41:30 [INFO] rclone: Elapsed time:        13.5s
2026-03-01 22:41:30 [INFO] rclone: Elapsed time:         0.1s
2026-03-01 22:41:30 [INFO] rclone: Elapsed time:         0.1s
2026-03-01 22:41:30 [INFO] rclone: Elapsed time:         0.1s
2026-03-01 22:41:30 [INFO] rclone: Elapsed time:         0.1s
2026-03-01 22:41:30 [INFO] Check End
2026-03-01 22:41:34 [INFO] Check: Lokal=03.01.2026 10:48:30 | NAS=03.01.2026 10:48:30
2026-03-01 22:41:34 [INFO] Check Backups (BISYNC)
2026-03-01 22:41:34 [INFO] Backups Sync: E:\Lightroom_test\Backups <-> synology:Lightroom/Backups
2026-03-01 22:41:35 [INFO] rclone: 2026/03/01 22:41:18 INFO  : Backups/Lightroom-Katal-v15.zip: Multi-thread Copied (new)
2026-03-01 22:41:35 [INFO] rclone: 2026/03/01 22:41:24 INFO  : Backups/Lightroom-g-v15.zip: Multi-thread Copied (new)
2026-03-01 22:41:35 [INFO] rclone: Transferred:   	    4.499 GiB / 4.499 GiB, 100%, 354.673 MiB/s, ETA 0s
2026-03-01 22:41:35 [INFO] rclone: Transferred:            2 / 2, 100%
2026-03-01 22:41:35 [INFO] rclone: Elapsed time:        13.5s
2026-03-01 22:41:35 [INFO] rclone: Elapsed time:         0.1s
2026-03-01 22:41:35 [INFO] rclone: Elapsed time:         0.1s
2026-03-01 22:41:35 [INFO] rclone: Elapsed time:         0.1s
2026-03-01 22:41:35 [INFO] rclone: Elapsed time:         0.1s
2026-03-01 22:41:35 [INFO] rclone: Elapsed time:         0.1s
2026-03-01 22:41:35 [INFO] Check End
2026-03-01 22:41:39 [INFO] Check: Lokal=03.01.2026 10:48:30 | NAS=03.01.2026 10:48:30
2026-03-01 22:41:39 [INFO] Check Backups (BISYNC)
2026-03-01 22:41:39 [INFO] Backups Sync: E:\Lightroom_test\Backups <-> synology:Lightroom/Backups
2026-03-01 22:41:40 [INFO] rclone: 2026/03/01 22:41:18 INFO  : Backups/Lightroom-Katal-v15.zip: Multi-thread Copied (new)
2026-03-01 22:41:40 [INFO] rclone: 2026/03/01 22:41:24 INFO  : Backups/Lightroom-g-v15.zip: Multi-thread Copied (new)
2026-03-01 22:41:40 [INFO] rclone: Transferred:   	    4.499 GiB / 4.499 GiB, 100%, 354.673 MiB/s, ETA 0s
2026-03-01 22:41:40 [INFO] rclone: Transferred:            2 / 2, 100%
2026-03-01 22:41:40 [INFO] rclone: Elapsed time:        13.5s
2026-03-01 22:41:40 [INFO] rclone: Elapsed time:         0.1s
2026-03-01 22:41:40 [INFO] rclone: Elapsed time:         0.1s
2026-03-01 22:41:40 [INFO] rclone: Elapsed time:         0.1s
2026-03-01 22:41:40 [INFO] rclone: Elapsed time:         0.1s
2026-03-01 22:41:40 [INFO] rclone: Elapsed time:         0.1s
2026-03-01 22:41:40 [INFO] rclone: Elapsed time:         0.1s
2026-03-01 22:41:40 [INFO] Check End
2026-03-01 22:43:16 [INFO] === Lightroom Watcher gestartet ===
2026-03-01 22:43:18 [INFO] Check: Lokal=03.01.2026 10:48:30 | NAS=03.01.2026 10:48:30
2026-03-01 22:43:18 [INFO] Check Backups (BISYNC)
2026-03-01 22:43:18 [INFO] Backups Sync: E:\Lightroom_test\Backups <-> synology:Lightroom/Backups
2026-03-01 22:43:18 [INFO] rclone: Elapsed time:         0.1s
2026-03-01 22:43:18 [INFO] Check End
2026-03-01 22:43:22 [INFO] Check: Lokal=03.01.2026 10:48:30 | NAS=03.01.2026 10:48:30
2026-03-01 22:43:22 [INFO] Check Backups (BISYNC)
2026-03-01 22:43:22 [INFO] Backups Sync: E:\Lightroom_test\Backups <-> synology:Lightroom/Backups
2026-03-01 22:43:23 [INFO] rclone: Elapsed time:         0.1s
2026-03-01 22:43:23 [INFO] rclone: Elapsed time:         0.1s
2026-03-01 22:43:23 [INFO] Check End
2026-03-01 22:43:27 [INFO] Check: Lokal=03.01.2026 10:48:30 | NAS=03.01.2026 10:48:30
2026-03-01 22:43:27 [INFO] Check Backups (BISYNC)
2026-03-01 22:43:27 [INFO] Backups Sync: E:\Lightroom_test\Backups <-> synology:Lightroom/Backups
2026-03-01 22:43:28 [INFO] rclone: Elapsed time:         0.1s
2026-03-01 22:43:28 [INFO] rclone: Elapsed time:         0.1s
2026-03-01 22:43:28 [INFO] rclone: Elapsed time:         0.1s
2026-03-01 22:43:28 [INFO] Check End
2026-03-01 22:44:57 [INFO] === Lightroom Watcher gestartet ===
2026-03-01 22:44:58 [INFO] Check: Lokal=03.01.2026 10:48:30 | NAS=03.01.2026 10:48:30
2026-03-01 22:44:59 [INFO] Check Backups (BISYNC)
2026-03-01 22:44:59 [INFO] Backups Sync: E:\Lightroom_test <-> synology:Lightroom/Backups
2026-03-01 22:44:59 [INFO] rclone: Elapsed time:         0.1s
2026-03-01 22:44:59 [INFO] rclone: Elapsed time:         0.1s
2026-03-01 22:44:59 [INFO] rclone: Elapsed time:         0.1s
2026-03-01 22:44:59 [INFO] rclone: Elapsed time:         0.1s
2026-03-01 22:44:59 [INFO] Check End
2026-03-01 22:45:03 [INFO] Check: Lokal=03.01.2026 10:48:30 | NAS=03.01.2026 10:48:30
2026-03-01 22:45:03 [INFO] Check Backups (BISYNC)
2026-03-01 22:45:03 [INFO] Backups Sync: E:\Lightroom_test <-> synology:Lightroom/Backups
2026-03-01 22:45:03 [INFO] rclone: Elapsed time:         0.1s
2026-03-01 22:45:03 [INFO] rclone: Elapsed time:         0.1s
2026-03-01 22:45:03 [INFO] rclone: Elapsed time:         0.1s
2026-03-01 22:45:03 [INFO] rclone: Elapsed time:         0.1s
2026-03-01 22:45:03 [INFO] rclone: Elapsed time:         0.1s
2026-03-01 22:45:03 [INFO] Check End
2026-03-01 22:45:08 [INFO] Check: Lokal=03.01.2026 10:48:30 | NAS=03.01.2026 10:48:30
2026-03-01 22:45:08 [INFO] Check Backups (BISYNC)
2026-03-01 22:45:08 [INFO] Backups Sync: E:\Lightroom_test <-> synology:Lightroom/Backups
2026-03-01 22:45:08 [INFO] rclone: Elapsed time:         0.1s
2026-03-01 22:45:08 [INFO] rclone: Elapsed time:         0.1s
2026-03-01 22:45:08 [INFO] rclone: Elapsed time:         0.1s
2026-03-01 22:45:08 [INFO] rclone: Elapsed time:         0.1s
2026-03-01 22:45:08 [INFO] rclone: Elapsed time:         0.1s
2026-03-01 22:45:08 [INFO] rclone: Elapsed time:         0.1s
2026-03-01 22:45:08 [INFO] Check End
2026-03-01 22:47:08 [INFO] === Lightroom Watcher gestartet ===
2026-03-01 22:47:10 [INFO] Check: Lokal=03.01.2026 10:48:30 | NAS=03.01.2026 10:48:30
2026-03-01 22:47:10 [INFO] Check Backups (BISYNC)
2026-03-01 22:47:10 [INFO] Backups Sync: E:\Lightroom_test <-> synology:Lightroom/Backups
2026-03-01 22:47:10 [INFO] rclone: Elapsed time:         0.1s
2026-03-01 22:47:10 [INFO] Check End
2026-03-01 22:47:14 [INFO] Check: Lokal=03.01.2026 10:48:30 | NAS=03.01.2026 10:48:30
2026-03-01 22:47:14 [INFO] Check Backups (BISYNC)
2026-03-01 22:47:14 [INFO] Backups Sync: E:\Lightroom_test <-> synology:Lightroom/Backups
2026-03-01 22:47:15 [INFO] rclone: Elapsed time:         0.1s
2026-03-01 22:47:15 [INFO] rclone: Elapsed time:         0.1s
2026-03-01 22:47:15 [INFO] Check End
2026-03-01 22:47:19 [INFO] Check: Lokal=03.01.2026 10:48:30 | NAS=03.01.2026 10:48:30
2026-03-01 22:47:19 [INFO] Check Backups (BISYNC)
2026-03-01 22:47:19 [INFO] Backups Sync: E:\Lightroom_test <-> synology:Lightroom/Backups
2026-03-01 22:47:20 [INFO] rclone: Elapsed time:         0.1s
2026-03-01 22:47:20 [INFO] rclone: Elapsed time:         0.1s
2026-03-01 22:47:20 [INFO] rclone: Elapsed time:         0.1s
2026-03-01 22:47:20 [INFO] Check End
2026-03-01 22:47:43 [INFO] === Lightroom Watcher gestartet ===
2026-03-01 22:47:44 [INFO] Check: Lokal=03.01.2026 10:48:30 | NAS=03.01.2026 10:48:30
2026-03-01 22:47:44 [INFO] Check Backups (BISYNC)
2026-03-01 22:47:44 [INFO] Backups Sync: E:\Lightroom_test <-> synology:Lightroom/Backups
2026-03-01 22:47:45 [INFO] rclone: Elapsed time:         0.1s
2026-03-01 22:47:45 [INFO] rclone: Elapsed time:         0.1s
2026-03-01 22:47:45 [INFO] rclone: Elapsed time:         0.1s
2026-03-01 22:47:45 [INFO] rclone: Elapsed time:         0.1s
2026-03-01 22:47:45 [INFO] Check End
2026-03-01 22:47:49 [INFO] Check: Lokal=03.01.2026 10:48:30 | NAS=03.01.2026 10:48:30
2026-03-01 22:47:49 [INFO] Check Backups (BISYNC)
2026-03-01 22:47:49 [INFO] Backups Sync: E:\Lightroom_test <-> synology:Lightroom/Backups
2026-03-01 22:47:49 [INFO] rclone: Elapsed time:         0.1s
2026-03-01 22:47:49 [INFO] Check End
2026-03-01 22:47:54 [INFO] Check: Lokal=03.01.2026 10:48:30 | NAS=03.01.2026 10:48:30
2026-03-01 22:47:54 [INFO] Check Backups (BISYNC)
2026-03-01 22:47:54 [INFO] Backups Sync: E:\Lightroom_test <-> synology:Lightroom/Backups
2026-03-01 22:47:54 [INFO] rclone: Elapsed time:         0.1s
2026-03-01 22:47:54 [INFO] rclone: Elapsed time:         0.1s
2026-03-01 22:47:54 [INFO] Check End
2026-03-01 22:49:06 [INFO] === Lightroom Watcher gestartet ===
2026-03-01 22:49:07 [INFO] Check: Lokal=03.01.2026 10:48:30 | NAS=03.01.2026 10:48:30
2026-03-01 22:49:07 [INFO] Check Backups (BISYNC)
2026-03-01 22:49:07 [INFO] Backups Sync: E:\Lightroom_test <-> synology:Lightroom/Backups
2026-03-01 22:49:08 [INFO] rclone: Elapsed time:         0.1s
2026-03-01 22:49:08 [INFO] Check End
2026-03-01 22:49:12 [INFO] Check: Lokal=03.01.2026 10:48:30 | NAS=03.01.2026 10:48:30
2026-03-01 22:49:12 [INFO] Check Backups (BISYNC)
2026-03-01 22:49:12 [INFO] Backups Sync: E:\Lightroom_test <-> synology:Lightroom/Backups
2026-03-01 22:49:12 [INFO] rclone: Elapsed time:         0.1s
2026-03-01 22:49:12 [INFO] rclone: Elapsed time:         0.1s
2026-03-01 22:49:12 [INFO] Check End
2026-03-01 22:50:27 [INFO] === Lightroom Watcher gestartet ===
2026-03-01 22:50:29 [INFO] Check: Lokal=03.01.2026 10:48:30 | NAS=03.01.2026 10:48:30
2026-03-01 22:50:29 [INFO] Check Backups (BISYNC)
2026-03-01 22:50:29 [INFO] Backups Sync: E:\Lightroom_test <-> synology:Lightroom/Backups
2026-03-01 22:52:56 [INFO] === Lightroom Watcher gestartet ===
2026-03-01 22:52:58 [INFO] Check: Lokal=03.01.2026 10:48:30 | NAS=03.01.2026 10:48:30
2026-03-01 22:52:58 [INFO] Check Backups (BISYNC)
2026-03-01 22:52:58 [INFO] Backups Sync: E:\Lightroom_test <-> synology:Lightroom/Backups
2026-03-01 22:52:58 [INFO] rclone: Elapsed time:         0.0s
2026-03-01 22:52:58 [INFO] Check End
2026-03-01 22:53:28 [INFO] === Lightroom Watcher gestartet ===
2026-03-01 22:53:29 [INFO] Check: Lokal=03.01.2026 10:48:30 | NAS=03.01.2026 10:48:30
2026-03-01 22:53:29 [INFO] Check Backups (BISYNC)
2026-03-01 22:53:29 [INFO] Backups Sync: E:\Lightroom_test <-> synology:Lightroom/Backups
2026-03-01 22:53:41 [INFO] rclone: Elapsed time:         0.0s
2026-03-01 22:53:41 [INFO] rclone: Elapsed time:        11.2s
2026-03-01 22:53:41 [INFO] Check End
2026-03-01 22:53:42 [INFO] Check: Lokal=03.01.2026 10:48:30 | NAS=03.01.2026 10:48:30
2026-03-01 22:53:42 [INFO] Check Backups (BISYNC)
2026-03-01 22:53:42 [INFO] Backups Sync: E:\Lightroom_test <-> synology:Lightroom/Backups
2026-03-01 22:56:05 [INFO] === Lightroom Watcher gestartet ===
2026-03-01 22:56:07 [INFO] Check: Lokal=03.01.2026 10:48:30 | NAS=03.01.2026 10:48:30
2026-03-01 22:56:07 [INFO] Check Backups (BISYNC)
2026-03-01 22:56:07 [INFO] Backups Sync: E:\Lightroom_test <-> synology:Lightroom/Backups
2026-03-01 22:56:07 [INFO] rclone: Elapsed time:         0.1s
2026-03-01 22:56:07 [INFO] Check End
