2026-03-06 16:03:44 [Info] ========= Lightroom C. Sync gestartet =========
2026-03-06 16:03:44 [Info] Neue LRCatSync.conf erstellt mit Standard-Einstellungen
2026-03-06 16:03:44 [Error] Einstellungen fehlen! LRCatSync.conf oder rclone.conf nicht vorhanden.
2026-03-06 16:03:44 [Error] Bitte öffnen Sie das Einstellungsmenü (Trayicon -> Einstellungen) und konfigurieren Sie das Programm.
2026-03-06 16:03:51 [Info] Einstellungen geöffnet - Sync pausiert
2026-03-06 16:03:57 [Info] Einstellungen abgebrochen
2026-03-06 16:03:57 [Info] Einstellungen geschlossen - Sync fortgesetzt
2026-03-06 16:05:02 [Info] ========= Lightroom C. Sync gestartet =========
2026-03-06 16:05:02 [Error] Einstellungen fehlen! LRCatSync.conf oder rclone.conf nicht vorhanden.
2026-03-06 16:05:02 [Error] Bitte öffnen Sie das Einstellungsmenü (Trayicon -> Einstellungen) und konfigurieren Sie das Programm.
2026-03-06 16:05:04 [Info] Einstellungen geöffnet - Sync pausiert
2026-03-06 16:05:10 [Info] Einstellungen abgebrochen
2026-03-06 16:05:10 [Info] Einstellungen geschlossen - Sync fortgesetzt
2026-03-06 16:06:25 [Info] Einstellungen geöffnet - Sync pausiert
2026-03-06 16:19:11 [Info] ========= LR Catalog Sync gestartet =========
2026-03-06 16:19:11 [Error] Einstellungen fehlen! LRCatSync.conf oder rclone.conf nicht vorhanden.
2026-03-06 16:19:11 [Error] Bitte öffnen Sie das Einstellungsmenü (Trayicon -> Einstellungen) und konfigurieren Sie das Programm.
2026-03-06 16:22:55 [Info] ========= LR Catalog Sync gestartet =========
2026-03-06 16:22:55 [Error] Einstellungen fehlen! LRCatSync.conf oder rclone.conf nicht vorhanden.
2026-03-06 16:22:55 [Error] Bitte öffnen Sie das Einstellungsmenü (Trayicon -> Einstellungen) und konfigurieren Sie das Programm.
2026-03-06 16:24:18 [Info] Einstellungen aktualisiert
2026-03-06 16:24:23 [Error] Unvollständige Einstellungen! Bitte konfigurieren Sie alle erforderlichen Felder.
2026-03-06 16:40:31 [Info] ========= LR Catalog Sync gestartet =========
2026-03-06 16:40:32 [Error] Unvollständige Einstellungen! Bitte konfigurieren Sie alle erforderlichen Felder.
2026-03-06 16:41:54 [Info] Einstellungen aktualisiert
2026-03-06 16:41:59 [Error] Unvollständige Einstellungen! Bitte konfigurieren Sie alle erforderlichen Felder.
